/flush5/sho092/Robust_learning/MAML-Pytorch
Namespace(batch_size=1, batchsz=100000, crop_size=120, data_dist_same=False, epoch=60000, folder_name='', imgc=3, k=7, load='.', meta_lr=0.001, num_workers=1, pin_memory=True, print_every=5, root='/OSM/CBR/D61_RCV/students/sho092/', save_every=20, save_name='.', seed=1, shuffle=True, task_num=5, test_only=False, update_lr=0.01, update_step=5, update_step_test=10)
Namespace(batch_size=1, batchsz=100000, crop_size=120, data_dist_same=False, epoch=60000, folder_name='', imgc=3, k=7, load='.', meta_lr=0.001, num_workers=1, pin_memory=True, print_every=5, root='/OSM/CBR/D61_RCV/students/sho092/', save_every=20, save_name='.', seed=1, shuffle=True, task_num=5, test_only=False, update_lr=0.01, update_step=5, update_step_test=10)
Meta(
  (net): Learner(
    conv2d:(ch_in:16, ch_out:32, k:3x3, stride:1, padding:1)
    relu:(True,)
    conv2d:(ch_in:32, ch_out:32, k:3x3, stride:1, padding:1)
    relu:(True,)
    conv2d:(ch_in:32, ch_out:32, k:3x3, stride:1, padding:1)
    relu:(True,)
    conv2d:(ch_in:32, ch_out:32, k:3x3, stride:1, padding:1)
    relu:(True,)
    conv2d:(ch_in:32, ch_out:3, k:3x3, stride:1, padding:1)
    
    (vars): ParameterList(
        (0): Parameter containing: [torch.cuda.FloatTensor of size 32x16x3x3 (GPU 0)]
        (1): Parameter containing: [torch.cuda.FloatTensor of size 32 (GPU 0)]
        (2): Parameter containing: [torch.cuda.FloatTensor of size 32x32x3x3 (GPU 0)]
        (3): Parameter containing: [torch.cuda.FloatTensor of size 32 (GPU 0)]
        (4): Parameter containing: [torch.cuda.FloatTensor of size 32x32x3x3 (GPU 0)]
        (5): Parameter containing: [torch.cuda.FloatTensor of size 32 (GPU 0)]
        (6): Parameter containing: [torch.cuda.FloatTensor of size 32x32x3x3 (GPU 0)]
        (7): Parameter containing: [torch.cuda.FloatTensor of size 32 (GPU 0)]
        (8): Parameter containing: [torch.cuda.FloatTensor of size 3x32x3x3 (GPU 0)]
        (9): Parameter containing: [torch.cuda.FloatTensor of size 3 (GPU 0)]
    )
    (vars_bn): ParameterList()
  )
)
Total trainable tensors: 33251
shuffle DB :train, b:100000,  40-setsz, 10-querysz
epoch: 0 	training acc: 3.608114830329578
Max PSNR is: 16.05404752516627
epoch: 5 	training acc: 41.46964649792942
epoch: 10 	training acc: 44.153780869340984
epoch: 15 	training acc: 42.4627595638279
epoch: 20 	training acc: 48.384954304500674
Max PSNR is: 21.796396032145637
epoch: 25 	training acc: 46.16814419406493
epoch: 30 	training acc: 50.24253951398273
epoch: 35 	training acc: 55.61382727318098
epoch: 40 	training acc: 46.42899171798291
Max PSNR is: 21.796396032145637
epoch: 45 	training acc: 53.64749446957275
epoch: 50 	training acc: 52.62047075781703
epoch: 55 	training acc: 55.8027445057924
epoch: 60 	training acc: 43.6843563495882
Max PSNR is: 22.040399414089052
epoch: 65 	training acc: 56.03140157892831
epoch: 70 	training acc: 57.95773233547184
epoch: 75 	training acc: 57.6151918164964
epoch: 80 	training acc: 58.99639616948523
Max PSNR is: 22.174913074015777
epoch: 85 	training acc: 48.24462556882105
epoch: 90 	training acc: 61.22282543134662
epoch: 95 	training acc: 54.855875277034144
epoch: 100 	training acc: 49.13611481643709
Max PSNR is: 22.60212347870715
epoch: 105 	training acc: 49.05191277508301
epoch: 110 	training acc: 52.86092412305924
epoch: 115 	training acc: 53.87523122312757
epoch: 120 	training acc: 54.31108942890412
Max PSNR is: 22.757665223518934
epoch: 125 	training acc: 56.351971954036586
epoch: 130 	training acc: 51.234638783603195
epoch: 135 	training acc: 54.7678465165431
epoch: 140 	training acc: 45.82705104074544
Max PSNR is: 22.757665223518934
epoch: 145 	training acc: 48.927806533960535
epoch: 150 	training acc: 61.292232280048154
epoch: 155 	training acc: 55.8713580137678
epoch: 160 	training acc: 57.424083415155714
Max PSNR is: 22.757665223518934
epoch: 165 	training acc: 59.77690996332048
epoch: 170 	training acc: 45.41551246388661
epoch: 175 	training acc: 54.23251346306109
epoch: 180 	training acc: 48.821823305354485
Max PSNR is: 22.757665223518934
epoch: 185 	training acc: 54.15090247508858
epoch: 190 	training acc: 55.79292580407913
epoch: 195 	training acc: 54.281984006568656
epoch: 200 	training acc: 64.11313480970472
Max PSNR is: 22.757665223518934
epoch: 205 	training acc: 55.73970163801649
epoch: 210 	training acc: 57.86781478706548
epoch: 215 	training acc: 55.806303472245006
epoch: 220 	training acc: 51.28535251320923
Max PSNR is: 22.757665223518934
epoch: 225 	training acc: 55.28242926296815
epoch: 230 	training acc: 58.60583289322635
epoch: 235 	training acc: 56.760529527185085
epoch: 240 	training acc: 55.75263340020137
Max PSNR is: 23.006162657881173
epoch: 245 	training acc: 57.67193037917296
epoch: 250 	training acc: 50.116693561913785
epoch: 255 	training acc: 54.35662429212037
epoch: 260 	training acc: 51.65022379772846
Max PSNR is: 23.006162657881173
epoch: 265 	training acc: 53.52618588673189
epoch: 270 	training acc: 48.56487187789604
epoch: 275 	training acc: 56.31634145599847
epoch: 280 	training acc: 59.0884739281684
Max PSNR is: 23.006162657881173
epoch: 285 	training acc: 58.965988575401354
epoch: 290 	training acc: 57.19112244448347
epoch: 295 	training acc: 52.926906639778736
epoch: 300 	training acc: 58.7113528097468
Max PSNR is: 23.006162657881173
epoch: 305 	training acc: 51.854239937613016
epoch: 310 	training acc: 53.19099224520927
epoch: 315 	training acc: 54.392908506527625
epoch: 320 	training acc: 48.507602999060836
Max PSNR is: 23.006162657881173
epoch: 325 	training acc: 44.022014775667245
epoch: 330 	training acc: 46.96667185547487
epoch: 335 	training acc: 59.18833437426467
epoch: 340 	training acc: 50.813888233299295
Max PSNR is: 23.006162657881173
epoch: 345 	training acc: 56.14554702182854
epoch: 350 	training acc: 56.37596560578204
epoch: 355 	training acc: 56.05050183393831
epoch: 360 	training acc: 55.73208108526394
Max PSNR is: 23.006162657881173
epoch: 365 	training acc: 58.3845402580544
epoch: 370 	training acc: 55.91981887262085
epoch: 375 	training acc: 55.99416922567487
epoch: 380 	training acc: 55.3767912479982
Max PSNR is: 23.006162657881173
epoch: 385 	training acc: 54.73750239515173
epoch: 390 	training acc: 55.35126262401274
epoch: 395 	training acc: 57.88672813935153
epoch: 400 	training acc: 59.82572898210829
Max PSNR is: 23.16296078079624
epoch: 405 	training acc: 51.26257365676015
epoch: 410 	training acc: 56.24490646591096
epoch: 415 	training acc: 56.282298180097726
epoch: 420 	training acc: 59.45840456180819
Max PSNR is: 23.16296078079624
epoch: 425 	training acc: 60.06820854178601
epoch: 430 	training acc: 58.228881563632335
epoch: 435 	training acc: 61.75116596134603
epoch: 440 	training acc: 62.76227385159051
Max PSNR is: 23.16296078079624
epoch: 445 	training acc: 61.78257969907131
epoch: 450 	training acc: 54.60331952737192
epoch: 455 	training acc: 52.94013748182984
epoch: 460 	training acc: 54.77289098050957
Max PSNR is: 23.16296078079624
epoch: 465 	training acc: 55.478269671188954
epoch: 470 	training acc: 56.75724162995486
epoch: 475 	training acc: 53.754947964336274
epoch: 480 	training acc: 56.43036254422569
Max PSNR is: 23.16296078079624
epoch: 485 	training acc: 58.599883558315035
epoch: 490 	training acc: 48.0699190758584
epoch: 495 	training acc: 57.05162842218218
epoch: 500 	training acc: 56.32546322608653
Max PSNR is: 23.16296078079624
epoch: 505 	training acc: 57.46306315603075
epoch: 510 	training acc: 63.768444751466674
epoch: 515 	training acc: 65.83951230280292
epoch: 520 	training acc: 59.74220856886484
Max PSNR is: 23.57051024894148
epoch: 525 	training acc: 56.87464692448904
epoch: 530 	training acc: 60.81053202836359
epoch: 535 	training acc: 58.37601317408799
epoch: 540 	training acc: 58.04236160566942
Max PSNR is: 23.57051024894148
epoch: 545 	training acc: 62.36133041034089
epoch: 550 	training acc: 61.04865718127402
epoch: 555 	training acc: 67.29040106130645
epoch: 560 	training acc: 54.84535686039661
Max PSNR is: 23.57051024894148
epoch: 565 	training acc: 68.16500716710564
epoch: 570 	training acc: 45.886162638056504
epoch: 575 	training acc: 61.29014576330856
epoch: 580 	training acc: 65.39780472502227
Max PSNR is: 23.57051024894148
epoch: 585 	training acc: 57.59034666732499
epoch: 590 	training acc: 62.15504988189454
epoch: 595 	training acc: 64.31899936973487
epoch: 600 	training acc: 53.58409291307743
Max PSNR is: 23.57051024894148
epoch: 605 	training acc: 61.32608297235593
epoch: 610 	training acc: 61.60052176500048
epoch: 615 	training acc: 63.148566275338204
epoch: 620 	training acc: 63.638079146054935
Max PSNR is: 23.57051024894148
epoch: 625 	training acc: 56.12809333204356
epoch: 630 	training acc: 59.82987625724189
epoch: 635 	training acc: 59.94358974583355
epoch: 640 	training acc: 60.242648705919294
Max PSNR is: 23.57051024894148
epoch: 645 	training acc: 53.74545554803396
epoch: 650 	training acc: 61.035237233039865
epoch: 655 	training acc: 58.75404362754532
epoch: 660 	training acc: 61.32067431914831
Max PSNR is: 23.57051024894148
epoch: 665 	training acc: 63.26318069222522
epoch: 670 	training acc: 56.7192735631883
epoch: 675 	training acc: 56.44449910463575
epoch: 680 	training acc: 58.05529133268779
Max PSNR is: 23.57051024894148
epoch: 685 	training acc: 58.7431034980982
epoch: 690 	training acc: 63.07885116020297
epoch: 695 	training acc: 60.08382912832274
epoch: 700 	training acc: 57.80230185236431
Max PSNR is: 23.57051024894148
epoch: 705 	training acc: 57.50420613998933
epoch: 710 	training acc: 51.47655007618796
epoch: 715 	training acc: 68.66939873657483
epoch: 720 	training acc: 60.319261804164384
Max PSNR is: 23.57051024894148
epoch: 725 	training acc: 61.79951226616103
epoch: 730 	training acc: 59.38623639259049
epoch: 735 	training acc: 60.46360739471115
epoch: 740 	training acc: 59.683809993072586
Max PSNR is: 23.57051024894148
epoch: 745 	training acc: 60.031852190870396
epoch: 750 	training acc: 59.41206265557634
epoch: 755 	training acc: 59.55552716792854
epoch: 760 	training acc: 62.710104179019396
Max PSNR is: 23.57051024894148
epoch: 765 	training acc: 66.8807170652942
epoch: 770 	training acc: 61.35264534140156
epoch: 775 	training acc: 57.34497239015258
epoch: 780 	training acc: 61.52726654072825
Max PSNR is: 23.57051024894148
epoch: 785 	training acc: 58.83560233684271
epoch: 790 	training acc: 58.698023344107156
epoch: 795 	training acc: 58.65998792411327
epoch: 800 	training acc: 61.28274758759428
Max PSNR is: 23.57051024894148
epoch: 805 	training acc: 59.75766383712213
epoch: 810 	training acc: 61.332233256951135
epoch: 815 	training acc: 56.86768319360681
epoch: 820 	training acc: 59.31626348193268
Max PSNR is: 23.57051024894148
epoch: 825 	training acc: 57.530659457342466
epoch: 830 	training acc: 63.27737899588875
epoch: 835 	training acc: 58.17189204633345
epoch: 840 	training acc: 55.590819818583626
Max PSNR is: 23.57051024894148
epoch: 845 	training acc: 64.67266620073472
epoch: 850 	training acc: 51.70354290074255
epoch: 855 	training acc: 64.78911647562948
epoch: 860 	training acc: 58.72201746986787
Max PSNR is: 23.57051024894148
epoch: 865 	training acc: 60.61537755129477
epoch: 870 	training acc: 61.22976445427101
epoch: 875 	training acc: 61.560916052858985
epoch: 880 	training acc: 64.90917187922025
Max PSNR is: 23.57051024894148
epoch: 885 	training acc: 64.90237304582601
epoch: 890 	training acc: 55.72646251208103
epoch: 895 	training acc: 65.03808015029382
epoch: 900 	training acc: 62.01273859958803
Max PSNR is: 23.57051024894148
epoch: 905 	training acc: 64.13925276923189
epoch: 910 	training acc: 58.322462667566946
epoch: 915 	training acc: 62.61752891102859
epoch: 920 	training acc: 59.352672864097954
Max PSNR is: 23.57051024894148
epoch: 925 	training acc: 61.231647866745256
epoch: 930 	training acc: 69.1410174046425
epoch: 935 	training acc: 62.71490167425584
epoch: 940 	training acc: 59.97137046641605
Max PSNR is: 23.57051024894148
epoch: 945 	training acc: 61.104347955988686
epoch: 950 	training acc: 68.64909679916667
epoch: 955 	training acc: 66.47865974481051
epoch: 960 	training acc: 59.20408646299576
Max PSNR is: 23.57051024894148
epoch: 965 	training acc: 66.16174779889086
epoch: 970 	training acc: 59.30807406336646
epoch: 975 	training acc: 54.93860850150362
epoch: 980 	training acc: 55.204987753105804
Max PSNR is: 23.57051024894148
epoch: 985 	training acc: 63.44692716907638
epoch: 990 	training acc: 63.20702065933185
epoch: 995 	training acc: 66.63337255424392
epoch: 1000 	training acc: 63.05515307501585
Max PSNR is: 23.57051024894148
epoch: 1005 	training acc: 61.88726237411685
epoch: 1010 	training acc: 61.65236873350991
epoch: 1015 	training acc: 66.92922504598064
epoch: 1020 	training acc: 66.29852543963743
Max PSNR is: 23.57051024894148
epoch: 1025 	training acc: 70.75738292072951
epoch: 1030 	training acc: 63.85382616670685
epoch: 1035 	training acc: 64.08453229388621
epoch: 1040 	training acc: 63.10234786656277
Max PSNR is: 23.57051024894148
epoch: 1045 	training acc: 56.13076276895711
epoch: 1050 	training acc: 63.38275359234396
epoch: 1055 	training acc: 58.079207333067544
epoch: 1060 	training acc: 56.31727793569725
Max PSNR is: 23.57051024894148
epoch: 1065 	training acc: 55.15117665520765
epoch: 1070 	training acc: 64.74297464669456
epoch: 1075 	training acc: 53.64327038135267
epoch: 1080 	training acc: 61.02881779376859
Max PSNR is: 23.57051024894148
epoch: 1085 	training acc: 58.92691160448578
epoch: 1090 	training acc: 60.493204309691635
epoch: 1095 	training acc: 63.058277489111234
epoch: 1100 	training acc: 53.77429476455061
Max PSNR is: 23.57051024894148
epoch: 1105 	training acc: 58.744039206969255
epoch: 1110 	training acc: 64.9645957118848
epoch: 1115 	training acc: 67.25440815789962
epoch: 1120 	training acc: 55.77075909324654
Max PSNR is: 23.57051024894148
epoch: 1125 	training acc: 59.58247891557912
epoch: 1130 	training acc: 61.498359929851915
epoch: 1135 	training acc: 60.67408133898631
epoch: 1140 	training acc: 63.25231096512721
Max PSNR is: 23.57051024894148
epoch: 1145 	training acc: 63.43366151988704
epoch: 1150 	training acc: 54.789771555981545
epoch: 1155 	training acc: 59.63080596980303
epoch: 1160 	training acc: 64.50128684046283
Max PSNR is: 23.57051024894148
epoch: 1165 	training acc: 60.83655550580279
epoch: 1170 	training acc: 58.38043235915188
epoch: 1175 	training acc: 66.32846235271985
epoch: 1180 	training acc: 60.33500113563857
Max PSNR is: 23.57051024894148
epoch: 1185 	training acc: 64.3393621381025
epoch: 1190 	training acc: 65.34072400162644
epoch: 1195 	training acc: 58.086604314990396
epoch: 1200 	training acc: 59.461092035265196
Max PSNR is: 23.57051024894148
epoch: 1205 	training acc: 61.88376974482199
epoch: 1210 	training acc: 59.60158083658641
epoch: 1215 	training acc: 71.7306562593772
epoch: 1220 	training acc: 61.510969278852244
Max PSNR is: 23.57051024894148
epoch: 1225 	training acc: 69.06389435330382
epoch: 1230 	training acc: 66.34057175740469
epoch: 1235 	training acc: 55.110135425546005
epoch: 1240 	training acc: 67.50587458141271
Max PSNR is: 23.57051024894148
epoch: 1245 	training acc: 64.37288159972965
epoch: 1250 	training acc: 63.38006477771577
epoch: 1255 	training acc: 64.11182758706333
epoch: 1260 	training acc: 59.81211315651835
Max PSNR is: 23.57051024894148
epoch: 1265 	training acc: 58.883972643833204
epoch: 1270 	training acc: 60.39597512138295
epoch: 1275 	training acc: 66.55650234127448
epoch: 1280 	training acc: 67.92387538823098
Max PSNR is: 23.57051024894148
epoch: 1285 	training acc: 66.63390982944135
epoch: 1290 	training acc: 64.34703314012661
epoch: 1295 	training acc: 61.576005571396806
epoch: 1300 	training acc: 63.87420608312284
Max PSNR is: 23.57051024894148
epoch: 1305 	training acc: 61.12015474993687
epoch: 1310 	training acc: 62.68573242239974
epoch: 1315 	training acc: 64.0080218522755
epoch: 1320 	training acc: 60.83502426789115
Max PSNR is: 23.57051024894148
epoch: 1325 	training acc: 66.00716082245299
epoch: 1330 	training acc: 56.75595859001754
epoch: 1335 	training acc: 59.20225438915642
epoch: 1340 	training acc: 65.80857726873623
Max PSNR is: 23.57051024894148
epoch: 1345 	training acc: 64.85024745813703
epoch: 1350 	training acc: 64.60853258443532
epoch: 1355 	training acc: 65.13945660823214
epoch: 1360 	training acc: 57.09835855225107
Max PSNR is: 23.57051024894148
epoch: 1365 	training acc: 62.42237914376503
epoch: 1370 	training acc: 62.37105109330848
epoch: 1375 	training acc: 62.83857749823538
epoch: 1380 	training acc: 62.741195992833724
Max PSNR is: 23.57051024894148
epoch: 1385 	training acc: 59.354441516393926
epoch: 1390 	training acc: 62.842875285516065
epoch: 1395 	training acc: 60.39104688787407
epoch: 1400 	training acc: 62.03428987967106
Max PSNR is: 23.57051024894148
epoch: 1405 	training acc: 67.68875881630943
epoch: 1410 	training acc: 67.10282326951166
epoch: 1415 	training acc: 63.92290704010151
epoch: 1420 	training acc: 56.373150379983166
Max PSNR is: 23.57051024894148
epoch: 1425 	training acc: 58.21325487606855
epoch: 1430 	training acc: 59.93809321671028
epoch: 1435 	training acc: 64.46472560160262
epoch: 1440 	training acc: 65.15489060209443
Max PSNR is: 23.57051024894148
epoch: 1445 	training acc: 56.31066061622347
epoch: 1450 	training acc: 62.757695900200794
epoch: 1455 	training acc: 57.42424531853993
epoch: 1460 	training acc: 68.49424941063484
Max PSNR is: 23.57051024894148
epoch: 1465 	training acc: 56.449511421553304
epoch: 1470 	training acc: 60.88854306068079
epoch: 1475 	training acc: 61.30876777918908
epoch: 1480 	training acc: 59.53113634836026
Max PSNR is: 23.57051024894148
epoch: 1485 	training acc: 60.97452120695562
epoch: 1490 	training acc: 62.480133817661205
epoch: 1495 	training acc: 60.015567517941925
epoch: 1500 	training acc: 63.462699345973775
Max PSNR is: 23.57051024894148
epoch: 1505 	training acc: 64.49104423225856
epoch: 1510 	training acc: 57.529673171325804
epoch: 1515 	training acc: 65.9658598789218
epoch: 1520 	training acc: 63.23700880423765
Max PSNR is: 23.57051024894148
epoch: 1525 	training acc: 53.39902346488483
epoch: 1530 	training acc: 61.172871564501236
epoch: 1535 	training acc: 60.16589381270965
epoch: 1540 	training acc: 65.83437641744658
Max PSNR is: 23.57051024894148
epoch: 1545 	training acc: 62.94967131042538
epoch: 1550 	training acc: 59.90690688572707
epoch: 1555 	training acc: 65.84518605433772
epoch: 1560 	training acc: 68.99784749211058
Max PSNR is: 23.57051024894148
epoch: 1565 	training acc: 59.31630533110846
epoch: 1570 	training acc: 67.80961772352448
epoch: 1575 	training acc: 65.87852660442596
epoch: 1580 	training acc: 59.67131096616022
Max PSNR is: 23.57051024894148
epoch: 1585 	training acc: 58.404742413045994
epoch: 1590 	training acc: 59.779294432684495
epoch: 1595 	training acc: 69.49863250485951
epoch: 1600 	training acc: 59.44621419467302
Max PSNR is: 23.57051024894148
epoch: 1605 	training acc: 57.98017414909218
epoch: 1610 	training acc: 64.9433551409754
epoch: 1615 	training acc: 64.95264026628682
epoch: 1620 	training acc: 63.220898541387456
Max PSNR is: 23.57051024894148
epoch: 1625 	training acc: 58.474231236179406
epoch: 1630 	training acc: 65.38141267042575
epoch: 1635 	training acc: 63.64300913519622
epoch: 1640 	training acc: 58.77655503368413
Max PSNR is: 23.57051024894148
epoch: 1645 	training acc: 60.19319440656098
epoch: 1650 	training acc: 60.98007028840317
epoch: 1655 	training acc: 58.695907601681824
epoch: 1660 	training acc: 64.50943179339774
Max PSNR is: 23.57051024894148
epoch: 1665 	training acc: 70.0920332836299
epoch: 1670 	training acc: 65.06429571721202
epoch: 1675 	training acc: 66.006605109157
epoch: 1680 	training acc: 66.74264267163792
Max PSNR is: 23.57051024894148
epoch: 1685 	training acc: 65.2044892994761
epoch: 1690 	training acc: 63.004997684989455
epoch: 1695 	training acc: 67.24607983052402
epoch: 1700 	training acc: 64.74613879069264
Max PSNR is: 23.57051024894148
epoch: 1705 	training acc: 61.937652041169514
epoch: 1710 	training acc: 58.01017212563721
epoch: 1715 	training acc: 62.63770290597222
epoch: 1720 	training acc: 63.05881626878363
Max PSNR is: 23.57051024894148
epoch: 1725 	training acc: 60.1991746909613
epoch: 1730 	training acc: 62.61262743263041
epoch: 1735 	training acc: 60.99262293057737
epoch: 1740 	training acc: 60.918156460563516
Max PSNR is: 23.57051024894148
epoch: 1745 	training acc: 58.89575338290639
epoch: 1750 	training acc: 67.70698892699777
epoch: 1755 	training acc: 67.6508020322665
epoch: 1760 	training acc: 61.94381469668491
Max PSNR is: 23.57051024894148
epoch: 1765 	training acc: 69.59598991874418
epoch: 1770 	training acc: 61.56349918680861
epoch: 1775 	training acc: 63.3384401354203
epoch: 1780 	training acc: 65.630047843804
Max PSNR is: 23.57051024894148
epoch: 1785 	training acc: 61.760088713591685
epoch: 1790 	training acc: 71.41641909272016
epoch: 1795 	training acc: 64.15466158701122
epoch: 1800 	training acc: 69.38335944508385
Max PSNR is: 23.57051024894148
epoch: 1805 	training acc: 62.02994002071058
epoch: 1810 	training acc: 69.71716683009197
epoch: 1815 	training acc: 66.09848341093632
epoch: 1820 	training acc: 56.615015639891496
Max PSNR is: 23.57051024894148
epoch: 1825 	training acc: 63.04455211468017
epoch: 1830 	training acc: 63.56749014556723
epoch: 1835 	training acc: 61.347710352127315
epoch: 1840 	training acc: 62.79773532195343
Max PSNR is: 23.57051024894148
epoch: 1845 	training acc: 63.03271177404679
epoch: 1850 	training acc: 61.37874049150325
epoch: 1855 	training acc: 64.03043882580597
epoch: 1860 	training acc: 69.64605250509464
Max PSNR is: 23.57051024894148
epoch: 1865 	training acc: 57.86439608227709
epoch: 1870 	training acc: 57.82824944654763
epoch: 1875 	training acc: 67.44175246059544
epoch: 1880 	training acc: 62.302445095191935
Max PSNR is: 23.57051024894148
epoch: 1885 	training acc: 63.01122255315897
epoch: 1890 	training acc: 68.1492124377738
epoch: 1895 	training acc: 69.27017846006882
epoch: 1900 	training acc: 61.94521975500284
Max PSNR is: 23.57051024894148
epoch: 1905 	training acc: 68.72360395580424
epoch: 1910 	training acc: 61.196387886075776
epoch: 1915 	training acc: 57.07682020447238
epoch: 1920 	training acc: 59.108127659257555
Max PSNR is: 23.57051024894148
epoch: 1925 	training acc: 54.587170340258346
epoch: 1930 	training acc: 65.50124663786895
epoch: 1935 	training acc: 55.45991510697141
epoch: 1940 	training acc: 67.97091626968964
Max PSNR is: 23.57051024894148
epoch: 1945 	training acc: 56.58034406845709
epoch: 1950 	training acc: 65.5349113582205
epoch: 1955 	training acc: 67.83947754468129
epoch: 1960 	training acc: 67.77541872633253
Max PSNR is: 23.57051024894148
epoch: 1965 	training acc: 65.3040061898952
epoch: 1970 	training acc: 65.29581903354058
epoch: 1975 	training acc: 72.06744853098323
epoch: 1980 	training acc: 70.03602301123667
Max PSNR is: 23.57051024894148
epoch: 1985 	training acc: 65.32423521729639
epoch: 1990 	training acc: 59.20774660484935
epoch: 1995 	training acc: 68.47566869383395
epoch: 2000 	training acc: 70.4325444938662
Max PSNR is: 23.57051024894148
epoch: 2005 	training acc: 71.981253937655
epoch: 2010 	training acc: 65.62571955868638
epoch: 2015 	training acc: 61.977389470628125
epoch: 2020 	training acc: 69.29676606668099
Max PSNR is: 23.57051024894148
epoch: 2025 	training acc: 67.25659324922593
epoch: 2030 	training acc: 60.16721374008295
epoch: 2035 	training acc: 66.15421509703559
epoch: 2040 	training acc: 68.83162594359355
Max PSNR is: 23.57051024894148
epoch: 2045 	training acc: 67.74177312692315
epoch: 2050 	training acc: 64.96996608794504
epoch: 2055 	training acc: 67.43067538452767
epoch: 2060 	training acc: 57.505163079989714
Max PSNR is: 23.57051024894148
epoch: 2065 	training acc: 60.00797740718138
epoch: 2070 	training acc: 61.09209355936851
epoch: 2075 	training acc: 70.9763658196334
epoch: 2080 	training acc: 63.98807346672915
Max PSNR is: 23.57051024894148
epoch: 2085 	training acc: 67.20440971383898
epoch: 2090 	training acc: 60.31716570369127
epoch: 2095 	training acc: 70.60708271920547
epoch: 2100 	training acc: 60.599008292612154
Max PSNR is: 23.57051024894148
epoch: 2105 	training acc: 62.09180908736915
epoch: 2110 	training acc: 63.02241862632738
epoch: 2115 	training acc: 64.32341742539053
epoch: 2120 	training acc: 66.99317534432242
Max PSNR is: 23.57051024894148
epoch: 2125 	training acc: 65.43320599264561
epoch: 2130 	training acc: 56.05768751260553
epoch: 2135 	training acc: 63.03812979037262
epoch: 2140 	training acc: 64.93337243398327
Max PSNR is: 23.57051024894148
epoch: 2145 	training acc: 70.03011049594873
epoch: 2150 	training acc: 65.73150221642192
epoch: 2155 	training acc: 59.65320883456447
epoch: 2160 	training acc: 66.34170039930224
Max PSNR is: 23.57051024894148
epoch: 2165 	training acc: 66.79148446742369
epoch: 2170 	training acc: 63.170602278365266
epoch: 2175 	training acc: 61.987559287567024
epoch: 2180 	training acc: 68.87148947148535
Max PSNR is: 23.57051024894148
epoch: 2185 	training acc: 65.13433000209102
epoch: 2190 	training acc: 65.35249095573592
epoch: 2195 	training acc: 69.60382061491244
epoch: 2200 	training acc: 67.372979468082
Max PSNR is: 23.57051024894148
epoch: 2205 	training acc: 72.05898599408945
epoch: 2210 	training acc: 64.03448385793732
epoch: 2215 	training acc: 62.35037707146617
epoch: 2220 	training acc: 60.36442721655769
Max PSNR is: 23.57051024894148
epoch: 2225 	training acc: 64.45575958619484
epoch: 2230 	training acc: 65.58109976038376
epoch: 2235 	training acc: 64.03384270853404
epoch: 2240 	training acc: 63.31705188540711
Max PSNR is: 23.57051024894148
epoch: 2245 	training acc: 62.23881013259485
epoch: 2250 	training acc: 66.7938620064316
epoch: 2255 	training acc: 69.58233443803579
epoch: 2260 	training acc: 59.67654586385086
Max PSNR is: 23.57051024894148
epoch: 2265 	training acc: 73.31208149987182
epoch: 2270 	training acc: 69.40336086198141
epoch: 2275 	training acc: 65.03146890725077
epoch: 2280 	training acc: 67.70970535596008
Max PSNR is: 23.57051024894148
epoch: 2285 	training acc: 60.89023249552768
epoch: 2290 	training acc: 66.30882804224183
epoch: 2295 	training acc: 65.05155715183511
epoch: 2300 	training acc: 61.08272217162569
Max PSNR is: 23.57051024894148
epoch: 2305 	training acc: 65.73778310418894
epoch: 2310 	training acc: 62.189551567387014
epoch: 2315 	training acc: 55.48183141782217
epoch: 2320 	training acc: 60.15760356660124
Max PSNR is: 23.57051024894148
epoch: 2325 	training acc: 58.6764466470696
epoch: 2330 	training acc: 64.0224448286767
epoch: 2335 	training acc: 69.72731992682215
epoch: 2340 	training acc: 69.42174903401593
Max PSNR is: 23.57051024894148
epoch: 2345 	training acc: 65.23062176620982
epoch: 2350 	training acc: 66.24273563876758
epoch: 2355 	training acc: 67.95335472181078
epoch: 2360 	training acc: 62.92594881151335
Max PSNR is: 23.57051024894148
epoch: 2365 	training acc: 59.451718035340214
epoch: 2370 	training acc: 63.92223823035165
epoch: 2375 	training acc: 65.84751300070882
epoch: 2380 	training acc: 64.07470433403977
Max PSNR is: 23.57051024894148
epoch: 2385 	training acc: 70.86629630580163
epoch: 2390 	training acc: 67.54848003605854
epoch: 2395 	training acc: 63.43447557101236
epoch: 2400 	training acc: 67.88736401997738
Max PSNR is: 23.57051024894148
epoch: 2405 	training acc: 66.20551848219145
epoch: 2410 	training acc: 61.715332772562796
epoch: 2415 	training acc: 65.42520820246754
epoch: 2420 	training acc: 71.03329632539698
Max PSNR is: 23.57051024894148
epoch: 2425 	training acc: 63.9543440334379
epoch: 2430 	training acc: 66.12749209964961
epoch: 2435 	training acc: 66.92081202915806
epoch: 2440 	training acc: 64.74107069152569
Max PSNR is: 23.57051024894148
epoch: 2445 	training acc: 65.68176081270839
epoch: 2450 	training acc: 73.62420643273346
epoch: 2455 	training acc: 65.35079955780019
epoch: 2460 	training acc: 62.629984348202676
Max PSNR is: 23.57051024894148
epoch: 2465 	training acc: 63.318473966009755
epoch: 2470 	training acc: 57.352249546933876
epoch: 2475 	training acc: 57.342016019293666
epoch: 2480 	training acc: 72.07718424001047
Max PSNR is: 23.57051024894148
epoch: 2485 	training acc: 70.27059220163746
epoch: 2490 	training acc: 66.83510876680646
epoch: 2495 	training acc: 67.0540607497334
epoch: 2500 	training acc: 58.795415084797284
Max PSNR is: 23.57051024894148
epoch: 2505 	training acc: 64.4137204692651
epoch: 2510 	training acc: 65.56438916657984
epoch: 2515 	training acc: 65.2815438224237
epoch: 2520 	training acc: 67.86284743119768
Max PSNR is: 23.57051024894148
epoch: 2525 	training acc: 60.25662897200539
epoch: 2530 	training acc: 64.0141068408929
epoch: 2535 	training acc: 70.44793620745273
epoch: 2540 	training acc: 64.6383076823993
Max PSNR is: 23.57051024894148
epoch: 2545 	training acc: 65.27037138082802
epoch: 2550 	training acc: 67.88598966473452
epoch: 2555 	training acc: 62.00213192966946
epoch: 2560 	training acc: 65.69466675866755
Max PSNR is: 23.57051024894148
epoch: 2565 	training acc: 66.20196286371353
epoch: 2570 	training acc: 71.86547080738154
epoch: 2575 	training acc: 58.33501801745712
epoch: 2580 	training acc: 61.46266617211326
Max PSNR is: 23.57051024894148
epoch: 2585 	training acc: 59.43045665125189
epoch: 2590 	training acc: 66.22968055076888
epoch: 2595 	training acc: 74.9174490047607
epoch: 2600 	training acc: 64.36626307975638
Max PSNR is: 23.57051024894148
epoch: 2605 	training acc: 66.71068115374834
epoch: 2610 	training acc: 64.37149970059565
epoch: 2615 	training acc: 61.94071749305841
epoch: 2620 	training acc: 64.22393596088592
Max PSNR is: 23.57051024894148
epoch: 2625 	training acc: 66.34048462916088
epoch: 2630 	training acc: 60.72917620187965
epoch: 2635 	training acc: 59.312380526679206
epoch: 2640 	training acc: 69.24898967418477
Max PSNR is: 23.57051024894148
epoch: 2645 	training acc: 65.0486312018422
epoch: 2650 	training acc: 63.622586235175525
epoch: 2655 	training acc: 63.53714525034933
epoch: 2660 	training acc: 61.30189751417035
Max PSNR is: 23.57051024894148
epoch: 2665 	training acc: 63.07300143429911
epoch: 2670 	training acc: 64.79236733335512
epoch: 2675 	training acc: 64.50782426980324
epoch: 2680 	training acc: 68.79091866317664
Max PSNR is: 23.57051024894148
epoch: 2685 	training acc: 68.5760194725952
epoch: 2690 	training acc: 60.52277276578317
epoch: 2695 	training acc: 64.15063052857931
epoch: 2700 	training acc: 60.209049124822315
Max PSNR is: 23.57051024894148
epoch: 2705 	training acc: 61.710579132731596
epoch: 2710 	training acc: 66.00579125637475
epoch: 2715 	training acc: 65.5686387395161
epoch: 2720 	training acc: 60.44723098352829
Max PSNR is: 23.57051024894148
epoch: 2725 	training acc: 67.63570810870158
epoch: 2730 	training acc: 56.85651839072704
epoch: 2735 	training acc: 65.65324914945737
epoch: 2740 	training acc: 59.60180436253114
Max PSNR is: 23.57051024894148
epoch: 2745 	training acc: 62.91822941498081
epoch: 2750 	training acc: 67.12390114428084
epoch: 2755 	training acc: 60.5342086775708
epoch: 2760 	training acc: 64.02116483788238
Max PSNR is: 23.57051024894148
epoch: 2765 	training acc: 70.59185263293527
epoch: 2770 	training acc: 66.59798088304153
epoch: 2775 	training acc: 68.87249815177285
epoch: 2780 	training acc: 64.97751505516828
Max PSNR is: 23.57051024894148
epoch: 2785 	training acc: 63.55640456102506
epoch: 2790 	training acc: 65.96563729765123
epoch: 2795 	training acc: 70.58000648894755
epoch: 2800 	training acc: 67.47109478525316
Max PSNR is: 23.57051024894148
epoch: 2805 	training acc: 68.11589825989464
epoch: 2810 	training acc: 60.14814551663621
epoch: 2815 	training acc: 63.453919709687696
epoch: 2820 	training acc: 64.62701583987926
Max PSNR is: 23.57051024894148
epoch: 2825 	training acc: 70.08488925691177
epoch: 2830 	training acc: 67.7094477277601
epoch: 2835 	training acc: 69.19708346779768
epoch: 2840 	training acc: 64.77376132812263
Max PSNR is: 23.57051024894148
epoch: 2845 	training acc: 68.86504040981929
epoch: 2850 	training acc: 66.89735429920671
epoch: 2855 	training acc: 70.48330950217334
epoch: 2860 	training acc: 65.4448227255526
Max PSNR is: 23.57051024894148
epoch: 2865 	training acc: 67.76481677727607
epoch: 2870 	training acc: 61.10677597724819
epoch: 2875 	training acc: 66.9183134473542
epoch: 2880 	training acc: 68.82807095884203
Max PSNR is: 23.57051024894148
epoch: 2885 	training acc: 71.70773954772466
epoch: 2890 	training acc: 67.92581312489217
epoch: 2895 	training acc: 62.085667616872456
epoch: 2900 	training acc: 62.238718937753426
Max PSNR is: 23.57051024894148
epoch: 2905 	training acc: 72.93512381786638
epoch: 2910 	training acc: 68.45080643686194
epoch: 2915 	training acc: 67.99037817148576
epoch: 2920 	training acc: 70.02512953785563
Max PSNR is: 23.57051024894148
epoch: 2925 	training acc: 64.92575687949635
epoch: 2930 	training acc: 66.46096474060569
epoch: 2935 	training acc: 59.24565976206708
epoch: 2940 	training acc: 63.63272616433753
Max PSNR is: 23.57051024894148
epoch: 2945 	training acc: 65.2291666578264
epoch: 2950 	training acc: 67.80585072007881
epoch: 2955 	training acc: 69.67358257988208
epoch: 2960 	training acc: 65.994714692854
Max PSNR is: 23.57051024894148
epoch: 2965 	training acc: 70.30306799311779
epoch: 2970 	training acc: 64.41179323031778
epoch: 2975 	training acc: 67.9017206834234
epoch: 2980 	training acc: 67.61654436796785
Max PSNR is: 23.57051024894148
epoch: 2985 	training acc: 64.66296042608009
epoch: 2990 	training acc: 66.13467848931222
epoch: 2995 	training acc: 67.28077410147345
epoch: 3000 	training acc: 69.88724488204412
Max PSNR is: 23.57051024894148
epoch: 3005 	training acc: 67.81217405958766
epoch: 3010 	training acc: 67.78163254584224
epoch: 3015 	training acc: 68.36506742121404
epoch: 3020 	training acc: 65.1823614635463
Max PSNR is: 23.57051024894148
epoch: 3025 	training acc: 68.30715746672539
epoch: 3030 	training acc: 64.51000715007208
epoch: 3035 	training acc: 67.33466250708723
epoch: 3040 	training acc: 63.21558706924186
Max PSNR is: 23.57051024894148
epoch: 3045 	training acc: 65.60814902247677
Traceback (most recent call last):
  File "sr_train.py", line 186, in <module>
    main()
  File "sr_train.py", line 88, in main
    for epoch, (spt_ms, spt_rgb, qry_ms, qry_rgb) in enumerate(db):
  File "/apps/pytorch/1.1.0-py36-cuda90/lib/python3.6/site-packages/torch/utils/data/dataloader.py", line 582, in __next__
    return self._process_next_batch(batch)
  File "/apps/pytorch/1.1.0-py36-cuda90/lib/python3.6/site-packages/torch/utils/data/dataloader.py", line 608, in _process_next_batch
    raise batch.exc_type(batch.exc_msg)
FileNotFoundError: Traceback (most recent call last):
  File "/apps/pytorch/1.1.0-py36-cuda90/lib/python3.6/site-packages/torch/utils/data/_utils/worker.py", line 99, in _worker_loop
    samples = collate_fn([dataset[i] for i in batch_indices])
  File "/apps/pytorch/1.1.0-py36-cuda90/lib/python3.6/site-packages/torch/utils/data/_utils/worker.py", line 99, in <listcomp>
    samples = collate_fn([dataset[i] for i in batch_indices])
  File "/flush5/sho092/Robust_learning/MAML-Pytorch/dataloader/StereoMSI_MAML.py", line 164, in __getitem__
    im_rgb = np.array(imread(im_rgb), dtype=np.float)
  File "/apps/python/3.6.1/lib/python3.6/site-packages/skimage/io/_io.py", line 61, in imread
    img = call_plugin('imread', fname, plugin=plugin, **plugin_args)
  File "/apps/python/3.6.1/lib/python3.6/site-packages/skimage/io/manage_plugins.py", line 211, in call_plugin
    return func(*args, **kwargs)
  File "/apps/python/3.6.1/lib/python3.6/site-packages/skimage/io/_plugins/tifffile_plugin.py", line 29, in imread
    with open(fname, 'rb') as f:
FileNotFoundError: [Errno 2] No such file or directory: '/OSM/CBR/D61_RCV/students/sho092/source/train/38.tiff'

