/flush5/sho092/Robust_learning/MAML-Pytorch
Namespace(batch_size=1, batchsz=100000, crop_size=120, data_dist_same=False, epoch=60000, folder_name='', imgc=3, k=6, load='.', meta_lr=0.001, num_workers=1, pin_memory=True, print_every=5, root='/OSM/CBR/D61_RCV/students/sho092/', save_every=20, save_name='.', seed=1, shuffle=True, task_num=5, test_only=False, update_lr=0.01, update_step=3, update_step_test=10)
Namespace(batch_size=1, batchsz=100000, crop_size=120, data_dist_same=False, epoch=60000, folder_name='', imgc=3, k=6, load='.', meta_lr=0.001, num_workers=1, pin_memory=True, print_every=5, root='/OSM/CBR/D61_RCV/students/sho092/', save_every=20, save_name='.', seed=1, shuffle=True, task_num=5, test_only=False, update_lr=0.01, update_step=3, update_step_test=10)
Meta(
  (net): Learner(
    conv2d:(ch_in:16, ch_out:32, k:3x3, stride:1, padding:1)
    relu:(True,)
    conv2d:(ch_in:32, ch_out:32, k:3x3, stride:1, padding:1)
    relu:(True,)
    conv2d:(ch_in:32, ch_out:32, k:3x3, stride:1, padding:1)
    relu:(True,)
    conv2d:(ch_in:32, ch_out:32, k:3x3, stride:1, padding:1)
    relu:(True,)
    conv2d:(ch_in:32, ch_out:3, k:3x3, stride:1, padding:1)
    
    (vars): ParameterList(
        (0): Parameter containing: [torch.cuda.FloatTensor of size 32x16x3x3 (GPU 0)]
        (1): Parameter containing: [torch.cuda.FloatTensor of size 32 (GPU 0)]
        (2): Parameter containing: [torch.cuda.FloatTensor of size 32x32x3x3 (GPU 0)]
        (3): Parameter containing: [torch.cuda.FloatTensor of size 32 (GPU 0)]
        (4): Parameter containing: [torch.cuda.FloatTensor of size 32x32x3x3 (GPU 0)]
        (5): Parameter containing: [torch.cuda.FloatTensor of size 32 (GPU 0)]
        (6): Parameter containing: [torch.cuda.FloatTensor of size 32x32x3x3 (GPU 0)]
        (7): Parameter containing: [torch.cuda.FloatTensor of size 32 (GPU 0)]
        (8): Parameter containing: [torch.cuda.FloatTensor of size 3x32x3x3 (GPU 0)]
        (9): Parameter containing: [torch.cuda.FloatTensor of size 3 (GPU 0)]
    )
    (vars_bn): ParameterList()
  )
)
Total trainable tensors: 33251
shuffle DB :train, b:100000,  40-setsz, 10-querysz
/apps/python/3.6.1/lib/python3.6/site-packages/skimage/io/_io.py:132: UserWarning: ./../experiment/2020-05-08-11:23:34_k6_metalr0.001_updatelr0.01_batchsz100000_updateStep3/validation/img_0.png is a low contrast image
  warn('%s is a low contrast image' % fname)
epoch: 0 	training acc: 2.674098555164865
Max PSNR is: 15.825200347428154
epoch: 5 	training acc: 41.10195390104266
epoch: 10 	training acc: 43.988766885903715
epoch: 15 	training acc: 42.24300466610304
epoch: 20 	training acc: 48.5046598433824
Max PSNR is: 22.505854006552944
epoch: 25 	training acc: 46.04247410865334
epoch: 30 	training acc: 50.277482702437204
epoch: 35 	training acc: 55.57560677337166
epoch: 40 	training acc: 46.357961237885135
Max PSNR is: 22.607535696012633
epoch: 45 	training acc: 53.73676975569161
epoch: 50 	training acc: 52.4353164826755
epoch: 55 	training acc: 55.67051388852517
epoch: 60 	training acc: 43.62080149702113
Max PSNR is: 22.6669646180952
epoch: 65 	training acc: 55.97941632908946
epoch: 70 	training acc: 57.81839925943427
epoch: 75 	training acc: 57.452363708758966
epoch: 80 	training acc: 58.961982186299885
Max PSNR is: 22.857426217085163
epoch: 85 	training acc: 48.180006570721964
epoch: 90 	training acc: 61.079100292872354
epoch: 95 	training acc: 54.76138532749982
epoch: 100 	training acc: 49.067556573761
Max PSNR is: 23.088913729764542
epoch: 105 	training acc: 49.08276056343008
epoch: 110 	training acc: 52.68665998495361
epoch: 115 	training acc: 53.897485234091626
epoch: 120 	training acc: 54.2551644191062
Max PSNR is: 23.177317911836763
epoch: 125 	training acc: 56.24802903245733
epoch: 130 	training acc: 51.07413404493558
epoch: 135 	training acc: 54.60215496068933
epoch: 140 	training acc: 45.77231067740951
Max PSNR is: 23.18904806186081
epoch: 145 	training acc: 48.817214064174905
epoch: 150 	training acc: 61.26652486978651
epoch: 155 	training acc: 55.819530573385904
epoch: 160 	training acc: 57.383095877863646
Max PSNR is: 23.21024638530558
epoch: 165 	training acc: 59.796457216531465
epoch: 170 	training acc: 45.248304236002554
epoch: 175 	training acc: 54.22151838109701
epoch: 180 	training acc: 48.72047144074189
Max PSNR is: 23.21024638530558
epoch: 185 	training acc: 53.9585431458019
epoch: 190 	training acc: 55.595293132726724
epoch: 195 	training acc: 54.06882087711596
epoch: 200 	training acc: 64.04464006941672
Max PSNR is: 23.21024638530558
epoch: 205 	training acc: 55.71423033298637
epoch: 210 	training acc: 57.71651163356914
epoch: 215 	training acc: 56.06710117878614
epoch: 220 	training acc: 51.076980395839925
Max PSNR is: 23.21024638530558
epoch: 225 	training acc: 55.53240281200811
epoch: 230 	training acc: 58.31298616719529
epoch: 235 	training acc: 56.4338101114517
epoch: 240 	training acc: 55.6751849162299
Max PSNR is: 23.380792172362643
epoch: 245 	training acc: 57.37803474564909
epoch: 250 	training acc: 50.00903946823462
epoch: 255 	training acc: 54.03939391014101
epoch: 260 	training acc: 51.507171961169504
Max PSNR is: 23.380792172362643
epoch: 265 	training acc: 53.369924877438514
epoch: 270 	training acc: 48.57315605086595
epoch: 275 	training acc: 56.31425599744385
epoch: 280 	training acc: 59.620192093983526
Max PSNR is: 23.380792172362643
epoch: 285 	training acc: 59.24558138065568
epoch: 290 	training acc: 56.69600718252775
epoch: 295 	training acc: 52.9471157092757
epoch: 300 	training acc: 59.04877638540881
Max PSNR is: 23.380792172362643
epoch: 305 	training acc: 51.819216161411546
epoch: 310 	training acc: 53.613514352047645
epoch: 315 	training acc: 54.49810433584207
epoch: 320 	training acc: 48.981201189059206
Max PSNR is: 23.380792172362643
epoch: 325 	training acc: 43.73093503245467
epoch: 330 	training acc: 47.68476454443564
epoch: 335 	training acc: 60.14548900466617
epoch: 340 	training acc: 50.686417596632865
Max PSNR is: 23.380792172362643
epoch: 345 	training acc: 55.87660581456352
epoch: 350 	training acc: 56.875683069874725
epoch: 355 	training acc: 55.38970824957003
epoch: 360 	training acc: 56.53307195852761
Max PSNR is: 23.61759922166589
epoch: 365 	training acc: 58.067931570267426
epoch: 370 	training acc: 56.042525389585506
epoch: 375 	training acc: 56.459399784692266
epoch: 380 	training acc: 57.135517361572376
Max PSNR is: 23.61759922166589
epoch: 385 	training acc: 56.090501589390854
epoch: 390 	training acc: 57.281926355326725
epoch: 395 	training acc: 58.35850115044808
epoch: 400 	training acc: 60.00624885070565
Max PSNR is: 23.937889063463757
epoch: 405 	training acc: 51.43192385513851
epoch: 410 	training acc: 56.8306975020325
epoch: 415 	training acc: 56.16866758466802
epoch: 420 	training acc: 59.48434115719391
Max PSNR is: 23.948453168627598
epoch: 425 	training acc: 60.04095939311583
epoch: 430 	training acc: 59.12687681394125
epoch: 435 	training acc: 61.686761678660496
epoch: 440 	training acc: 62.66819533466504
Max PSNR is: 23.948453168627598
epoch: 445 	training acc: 62.24605221068856
epoch: 450 	training acc: 54.623594378494005
epoch: 455 	training acc: 52.84044182566231
epoch: 460 	training acc: 54.98468753637536
Max PSNR is: 23.948453168627598
epoch: 465 	training acc: 55.85980126693057
epoch: 470 	training acc: 56.89622604578713
epoch: 475 	training acc: 52.666431571215504
epoch: 480 	training acc: 57.435123914847
Max PSNR is: 23.948453168627598
epoch: 485 	training acc: 57.879586251977415
epoch: 490 	training acc: 47.93227823078657
epoch: 495 	training acc: 56.73140372643172
epoch: 500 	training acc: 56.19306062396777
Max PSNR is: 23.948453168627598
epoch: 505 	training acc: 56.47180685680662
epoch: 510 	training acc: 63.09228941756757
epoch: 515 	training acc: 65.15932875889524
epoch: 520 	training acc: 59.760549954163665
Max PSNR is: 23.948453168627598
epoch: 525 	training acc: 56.78618827452703
epoch: 530 	training acc: 61.260323271362
epoch: 535 	training acc: 58.97801691616466
epoch: 540 	training acc: 57.87765046068714
Max PSNR is: 23.948453168627598
epoch: 545 	training acc: 62.71110859643507
epoch: 550 	training acc: 60.81376638072476
epoch: 555 	training acc: 68.59603087046519
epoch: 560 	training acc: 53.62608005880985
Max PSNR is: 24.038345051345633
epoch: 565 	training acc: 68.77013319293633
epoch: 570 	training acc: 45.954459497025034
epoch: 575 	training acc: 62.47795289144893
epoch: 580 	training acc: 65.15767589676365
Max PSNR is: 24.038345051345633
epoch: 585 	training acc: 57.64725895035985
epoch: 590 	training acc: 61.157156321679224
Traceback (most recent call last):
  File "sr_train.py", line 186, in <module>
    main()
  File "sr_train.py", line 88, in main
    for epoch, (spt_ms, spt_rgb, qry_ms, qry_rgb) in enumerate(db):
  File "/apps/pytorch/1.1.0-py36-cuda90/lib/python3.6/site-packages/torch/utils/data/dataloader.py", line 582, in __next__
    return self._process_next_batch(batch)
  File "/apps/pytorch/1.1.0-py36-cuda90/lib/python3.6/site-packages/torch/utils/data/dataloader.py", line 608, in _process_next_batch
    raise batch.exc_type(batch.exc_msg)
FileNotFoundError: Traceback (most recent call last):
  File "/apps/pytorch/1.1.0-py36-cuda90/lib/python3.6/site-packages/torch/utils/data/_utils/worker.py", line 99, in _worker_loop
    samples = collate_fn([dataset[i] for i in batch_indices])
  File "/apps/pytorch/1.1.0-py36-cuda90/lib/python3.6/site-packages/torch/utils/data/_utils/worker.py", line 99, in <listcomp>
    samples = collate_fn([dataset[i] for i in batch_indices])
  File "/flush5/sho092/Robust_learning/MAML-Pytorch/dataloader/StereoMSI_MAML.py", line 163, in __getitem__
    im_ms = np.array(np.load(im_ms), dtype=np.float)
  File "/apps/python/3.6.1/lib/python3.6/site-packages/numpy-1.12.1-py3.6-linux-x86_64.egg/numpy/lib/npyio.py", line 370, in load
    fid = open(file, "rb")
FileNotFoundError: [Errno 2] No such file or directory: '/OSM/CBR/D61_RCV/students/sho092/source/train/11.npy'

