/flush5/sho092/Robust_learning/MAML-Pytorch
Namespace(batch_size=1, batchsz=100000, crop_size=120, data_dist_same=False, epoch=60000, folder_name='', imgc=3, k=0, load='.', meta_lr=0.001, num_workers=1, pin_memory=True, print_every=5, root='/OSM/CBR/D61_RCV/students/sho092/', save_every=20, save_name='.', seed=1, shuffle=True, task_num=5, test_only=False, update_lr=0.01, update_step=3, update_step_test=10)
Namespace(batch_size=1, batchsz=100000, crop_size=120, data_dist_same=False, epoch=60000, folder_name='', imgc=3, k=0, load='.', meta_lr=0.001, num_workers=1, pin_memory=True, print_every=5, root='/OSM/CBR/D61_RCV/students/sho092/', save_every=20, save_name='.', seed=1, shuffle=True, task_num=5, test_only=False, update_lr=0.01, update_step=3, update_step_test=10)
Meta(
  (net): Learner(
    conv2d:(ch_in:16, ch_out:32, k:3x3, stride:1, padding:1)
    relu:(True,)
    conv2d:(ch_in:32, ch_out:32, k:3x3, stride:1, padding:1)
    relu:(True,)
    conv2d:(ch_in:32, ch_out:32, k:3x3, stride:1, padding:1)
    relu:(True,)
    conv2d:(ch_in:32, ch_out:32, k:3x3, stride:1, padding:1)
    relu:(True,)
    conv2d:(ch_in:32, ch_out:3, k:3x3, stride:1, padding:1)
    
    (vars): ParameterList(
        (0): Parameter containing: [torch.cuda.FloatTensor of size 32x16x3x3 (GPU 0)]
        (1): Parameter containing: [torch.cuda.FloatTensor of size 32 (GPU 0)]
        (2): Parameter containing: [torch.cuda.FloatTensor of size 32x32x3x3 (GPU 0)]
        (3): Parameter containing: [torch.cuda.FloatTensor of size 32 (GPU 0)]
        (4): Parameter containing: [torch.cuda.FloatTensor of size 32x32x3x3 (GPU 0)]
        (5): Parameter containing: [torch.cuda.FloatTensor of size 32 (GPU 0)]
        (6): Parameter containing: [torch.cuda.FloatTensor of size 32x32x3x3 (GPU 0)]
        (7): Parameter containing: [torch.cuda.FloatTensor of size 32 (GPU 0)]
        (8): Parameter containing: [torch.cuda.FloatTensor of size 3x32x3x3 (GPU 0)]
        (9): Parameter containing: [torch.cuda.FloatTensor of size 3 (GPU 0)]
    )
    (vars_bn): ParameterList()
  )
)
Total trainable tensors: 33251
shuffle DB :train, b:100000,  40-setsz, 10-querysz
/apps/python/3.6.1/lib/python3.6/site-packages/skimage/io/_io.py:132: UserWarning: ./../experiment/2020-05-08-11:14:01_k0_metalr0.001_updatelr0.01_batchsz100000_updateStep3/validation/img_0.png is a low contrast image
  warn('%s is a low contrast image' % fname)
epoch: 0 	training acc: 2.6385982986351326
Max PSNR is: 15.979368265150258
epoch: 5 	training acc: 41.05640111853155
epoch: 10 	training acc: 44.03904635352142
epoch: 15 	training acc: 42.31912802996094
epoch: 20 	training acc: 48.487053113960116
Max PSNR is: 22.245185846466317
epoch: 25 	training acc: 45.94698850082047
epoch: 30 	training acc: 50.23363071366005
epoch: 35 	training acc: 55.55170544702282
epoch: 40 	training acc: 46.39784727292117
Max PSNR is: 22.44030242678187
epoch: 45 	training acc: 53.700126649238285
epoch: 50 	training acc: 52.309787965695115
epoch: 55 	training acc: 55.46332617512783
epoch: 60 	training acc: 43.3527925907084
Max PSNR is: 22.59309590888651
epoch: 65 	training acc: 56.02988954012824
epoch: 70 	training acc: 57.78706405515066
epoch: 75 	training acc: 57.169747995623105
epoch: 80 	training acc: 58.899342189059105
Max PSNR is: 22.882261794558644
epoch: 85 	training acc: 47.997258265742275
epoch: 90 	training acc: 61.043710464430546
epoch: 95 	training acc: 54.66247079996173
epoch: 100 	training acc: 49.015295606465294
Max PSNR is: 23.13820411808384
epoch: 105 	training acc: 49.29338355755856
epoch: 110 	training acc: 52.53675976327936
epoch: 115 	training acc: 53.787935834750954
epoch: 120 	training acc: 54.15026173677121
Max PSNR is: 23.210486993525446
epoch: 125 	training acc: 56.22391740516921
epoch: 130 	training acc: 50.81381806912318
epoch: 135 	training acc: 54.47644402514611
epoch: 140 	training acc: 45.7078525558813
Max PSNR is: 23.259395243902905
epoch: 145 	training acc: 48.78306849342368
epoch: 150 	training acc: 61.199349008197956
epoch: 155 	training acc: 55.96945987451745
epoch: 160 	training acc: 57.29226979495596
Max PSNR is: 23.259395243902905
epoch: 165 	training acc: 59.78755607360796
epoch: 170 	training acc: 45.18179409875408
epoch: 175 	training acc: 54.22186942281452
epoch: 180 	training acc: 48.770712018822806
Max PSNR is: 23.259395243902905
epoch: 185 	training acc: 53.86849745204136
epoch: 190 	training acc: 55.47242894403556
epoch: 195 	training acc: 54.00026195924401
epoch: 200 	training acc: 64.15036840241288
Max PSNR is: 23.259395243902905
epoch: 205 	training acc: 55.51354528272904
epoch: 210 	training acc: 57.63061032508075
epoch: 215 	training acc: 55.86766655781842
epoch: 220 	training acc: 51.20538363495976
Max PSNR is: 23.259395243902905
epoch: 225 	training acc: 55.46399964664249
epoch: 230 	training acc: 58.325950026975654
epoch: 235 	training acc: 56.49636808192849
epoch: 240 	training acc: 55.62389133835686
Max PSNR is: 23.39787237646661
epoch: 245 	training acc: 57.414136935144484
epoch: 250 	training acc: 49.65869533179808
epoch: 255 	training acc: 54.15049404605264
epoch: 260 	training acc: 51.27600272879862
Max PSNR is: 23.39787237646661
epoch: 265 	training acc: 53.289239834825125
epoch: 270 	training acc: 48.589807547190105
epoch: 275 	training acc: 56.089105984806814
epoch: 280 	training acc: 58.91397695185175
Max PSNR is: 23.39787237646661
epoch: 285 	training acc: 59.19144311456345
epoch: 290 	training acc: 56.72991377379827
epoch: 295 	training acc: 52.57857107754961
epoch: 300 	training acc: 58.67145621416821
Max PSNR is: 23.39787237646661
epoch: 305 	training acc: 51.81546142222045
epoch: 310 	training acc: 53.75774248545945
epoch: 315 	training acc: 54.329527641327445
epoch: 320 	training acc: 48.7557019609031
Max PSNR is: 23.39787237646661
epoch: 325 	training acc: 43.99624833936616
epoch: 330 	training acc: 46.96747335776357
epoch: 335 	training acc: 59.48516539638556
epoch: 340 	training acc: 50.691628647867425
Max PSNR is: 23.39787237646661
epoch: 345 	training acc: 55.15039368827557
epoch: 350 	training acc: 56.19595526113876
epoch: 355 	training acc: 55.56561481481879
epoch: 360 	training acc: 55.58647064901931
Max PSNR is: 23.39787237646661
epoch: 365 	training acc: 57.52259890363206
epoch: 370 	training acc: 55.260791483485846
epoch: 375 	training acc: 54.949116640195705
epoch: 380 	training acc: 54.044151675584885
Max PSNR is: 23.39787237646661
epoch: 385 	training acc: 54.284632736805555
epoch: 390 	training acc: 55.40275057077039
epoch: 395 	training acc: 56.83955374312711
epoch: 400 	training acc: 57.09458286625634
Max PSNR is: 23.55453586946487
epoch: 405 	training acc: 50.092866064252846
epoch: 410 	training acc: 54.50809919877082
epoch: 415 	training acc: 54.69754439129593
epoch: 420 	training acc: 58.12170956228265
Max PSNR is: 23.894568869448303
epoch: 425 	training acc: 60.11337549257246
epoch: 430 	training acc: 56.52136680794767
epoch: 435 	training acc: 60.670862883369495
epoch: 440 	training acc: 60.21581881076081
Max PSNR is: 23.894568869448303
epoch: 445 	training acc: 58.98245650130664
epoch: 450 	training acc: 54.32064780518884
epoch: 455 	training acc: 53.303410975355774
epoch: 460 	training acc: 54.60621055252085
Max PSNR is: 23.894568869448303
epoch: 465 	training acc: 55.34583991550366
epoch: 470 	training acc: 56.11376543292731
epoch: 475 	training acc: 52.89158949289137
epoch: 480 	training acc: 58.144787849711136
Max PSNR is: 23.894568869448303
epoch: 485 	training acc: 59.171143454849016
epoch: 490 	training acc: 47.78757693443484
epoch: 495 	training acc: 57.08680074653634
epoch: 500 	training acc: 55.81169605077477
Max PSNR is: 23.916637847003795
epoch: 505 	training acc: 57.6576957131814
epoch: 510 	training acc: 63.12495966980383
epoch: 515 	training acc: 64.88630690425842
epoch: 520 	training acc: 60.020988029608624
Max PSNR is: 24.278302087445063
epoch: 525 	training acc: 57.29122367698446
epoch: 530 	training acc: 58.95258334049341
epoch: 535 	training acc: 58.733847234875014
epoch: 540 	training acc: 57.80260533223967
Max PSNR is: 24.278302087445063
epoch: 545 	training acc: 62.52135726288302
epoch: 550 	training acc: 60.77976031127768
epoch: 555 	training acc: 69.00583912851
epoch: 560 	training acc: 54.734039081583994
Max PSNR is: 24.278302087445063
epoch: 565 	training acc: 68.87618614767037
epoch: 570 	training acc: 45.42847713607284
epoch: 575 	training acc: 62.01583121079362
epoch: 580 	training acc: 65.06114716905769
Max PSNR is: 24.278302087445063
epoch: 585 	training acc: 57.66492495843217
epoch: 590 	training acc: 60.02505679159991
epoch: 595 	training acc: 63.6326425635709
epoch: 600 	training acc: 53.59328311136038
Max PSNR is: 24.278302087445063
epoch: 605 	training acc: 61.385779658021946
epoch: 610 	training acc: 60.98200813599971
epoch: 615 	training acc: 62.83287278323611
epoch: 620 	training acc: 62.837997596398935
Max PSNR is: 24.278302087445063
epoch: 625 	training acc: 56.95953037731023
epoch: 630 	training acc: 58.89651236502056
epoch: 635 	training acc: 59.39139695777626
epoch: 640 	training acc: 59.87478176866726
Traceback (most recent call last):
  File "sr_train.py", line 186, in <module>
    main()
  File "sr_train.py", line 107, in main
    for idx, (valid_ms, valid_rgb) in enumerate(dv):
  File "/apps/pytorch/1.1.0-py36-cuda90/lib/python3.6/site-packages/torch/utils/data/dataloader.py", line 560, in __next__
    batch = self.collate_fn([self.dataset[i] for i in indices])
  File "/apps/pytorch/1.1.0-py36-cuda90/lib/python3.6/site-packages/torch/utils/data/dataloader.py", line 560, in <listcomp>
    batch = self.collate_fn([self.dataset[i] for i in indices])
  File "/flush5/sho092/Robust_learning/MAML-Pytorch/dataloader/StereoMSI_MAML.py", line 242, in __getitem__
    img_ms = np.array(np.load(img_ms), dtype=np.float)
  File "/apps/python/3.6.1/lib/python3.6/site-packages/numpy-1.12.1-py3.6-linux-x86_64.egg/numpy/lib/npyio.py", line 370, in load
    fid = open(file, "rb")
FileNotFoundError: [Errno 2] No such file or directory: '/OSM/CBR/D61_RCV/students/sho092/source/train/9.npy'
