/flush5/sho092/Robust_learning/MAML-Pytorch
Namespace(batch_size=1, batchsz=100000, crop_size=120, data_dist_same=False, epoch=60000, folder_name='', imgc=3, k=5, load='.', meta_lr=0.001, num_workers=1, pin_memory=True, print_every=5, root='/OSM/CBR/D61_RCV/students/sho092/', save_every=20, save_name='.', seed=1, shuffle=True, task_num=5, test_only=False, update_lr=0.01, update_step=3, update_step_test=10)
Namespace(batch_size=1, batchsz=100000, crop_size=120, data_dist_same=False, epoch=60000, folder_name='', imgc=3, k=5, load='.', meta_lr=0.001, num_workers=1, pin_memory=True, print_every=5, root='/OSM/CBR/D61_RCV/students/sho092/', save_every=20, save_name='.', seed=1, shuffle=True, task_num=5, test_only=False, update_lr=0.01, update_step=3, update_step_test=10)
Meta(
  (net): Learner(
    conv2d:(ch_in:16, ch_out:32, k:3x3, stride:1, padding:1)
    relu:(True,)
    conv2d:(ch_in:32, ch_out:32, k:3x3, stride:1, padding:1)
    relu:(True,)
    conv2d:(ch_in:32, ch_out:32, k:3x3, stride:1, padding:1)
    relu:(True,)
    conv2d:(ch_in:32, ch_out:32, k:3x3, stride:1, padding:1)
    relu:(True,)
    conv2d:(ch_in:32, ch_out:3, k:3x3, stride:1, padding:1)
    
    (vars): ParameterList(
        (0): Parameter containing: [torch.cuda.FloatTensor of size 32x16x3x3 (GPU 0)]
        (1): Parameter containing: [torch.cuda.FloatTensor of size 32 (GPU 0)]
        (2): Parameter containing: [torch.cuda.FloatTensor of size 32x32x3x3 (GPU 0)]
        (3): Parameter containing: [torch.cuda.FloatTensor of size 32 (GPU 0)]
        (4): Parameter containing: [torch.cuda.FloatTensor of size 32x32x3x3 (GPU 0)]
        (5): Parameter containing: [torch.cuda.FloatTensor of size 32 (GPU 0)]
        (6): Parameter containing: [torch.cuda.FloatTensor of size 32x32x3x3 (GPU 0)]
        (7): Parameter containing: [torch.cuda.FloatTensor of size 32 (GPU 0)]
        (8): Parameter containing: [torch.cuda.FloatTensor of size 3x32x3x3 (GPU 0)]
        (9): Parameter containing: [torch.cuda.FloatTensor of size 3 (GPU 0)]
    )
    (vars_bn): ParameterList()
  )
)
Total trainable tensors: 33251
shuffle DB :train, b:100000,  40-setsz, 10-querysz
epoch: 0 	training acc: 2.548797170910066
Max PSNR is: 13.296534312786752
epoch: 5 	training acc: 41.06239595025711
epoch: 10 	training acc: 43.94647312494605
epoch: 15 	training acc: 42.202015500015364
epoch: 20 	training acc: 48.49026609190618
Max PSNR is: 20.60156535263357
epoch: 25 	training acc: 45.98352759105801
epoch: 30 	training acc: 50.22169668030889
epoch: 35 	training acc: 55.5423619506419
epoch: 40 	training acc: 46.34824168041574
Max PSNR is: 20.60156535263357
epoch: 45 	training acc: 53.68828804853263
epoch: 50 	training acc: 52.386335843133104
epoch: 55 	training acc: 55.63873349115328
epoch: 60 	training acc: 43.567474248857756
Max PSNR is: 20.60156535263357
epoch: 65 	training acc: 55.945533036429815
epoch: 70 	training acc: 57.78737420589907
epoch: 75 	training acc: 57.38263221732614
epoch: 80 	training acc: 58.90691989219182
Max PSNR is: 20.768192551611715
epoch: 85 	training acc: 48.13943204130243
epoch: 90 	training acc: 61.01890474808188
epoch: 95 	training acc: 54.66617792666953
epoch: 100 	training acc: 49.01141942477692
Max PSNR is: 21.251743371780904
epoch: 105 	training acc: 49.08041712486377
epoch: 110 	training acc: 52.5800982197018
epoch: 115 	training acc: 53.92700213397237
epoch: 120 	training acc: 54.209313968697884
Max PSNR is: 21.251743371780904
epoch: 125 	training acc: 56.22623575449758
epoch: 130 	training acc: 50.95709454668643
epoch: 135 	training acc: 54.614015912332135
epoch: 140 	training acc: 45.75713476543362
Max PSNR is: 21.251743371780904
epoch: 145 	training acc: 48.72360650958364
epoch: 150 	training acc: 61.188350856112464
epoch: 155 	training acc: 55.794781489522094
epoch: 160 	training acc: 57.25898761440692
Max PSNR is: 21.421881140494037
epoch: 165 	training acc: 59.69015775973607
epoch: 170 	training acc: 45.186576243861246
epoch: 175 	training acc: 54.14055679892
epoch: 180 	training acc: 48.72619927512207
Max PSNR is: 21.421881140494037
epoch: 185 	training acc: 53.877426340359705
epoch: 190 	training acc: 55.57712530507132
epoch: 195 	training acc: 54.020325267518125
epoch: 200 	training acc: 64.07673801831325
Max PSNR is: 21.421881140494037
epoch: 205 	training acc: 55.67247664133156
epoch: 210 	training acc: 57.61845882183646
epoch: 215 	training acc: 55.94540220135273
epoch: 220 	training acc: 51.056692385709944
Max PSNR is: 21.421881140494037
epoch: 225 	training acc: 55.468666308081
epoch: 230 	training acc: 58.213094306693904
epoch: 235 	training acc: 56.3507249458437
epoch: 240 	training acc: 55.61579858514977
Max PSNR is: 21.540481043444515
epoch: 245 	training acc: 57.46845329727822
epoch: 250 	training acc: 49.89032915653708
epoch: 255 	training acc: 53.97537617081899
epoch: 260 	training acc: 51.464742524349944
Max PSNR is: 21.540481043444515
epoch: 265 	training acc: 53.30887810912247
epoch: 270 	training acc: 48.53958223895486
epoch: 275 	training acc: 56.184997631507954
epoch: 280 	training acc: 59.466045052213914
Max PSNR is: 21.540481043444515
epoch: 285 	training acc: 59.14435901510768
epoch: 290 	training acc: 56.58696872345402
epoch: 295 	training acc: 52.89731054253262
epoch: 300 	training acc: 59.00819916461052
Max PSNR is: 21.540481043444515
epoch: 305 	training acc: 51.77182455329334
epoch: 310 	training acc: 53.48977768351532
epoch: 315 	training acc: 54.34638135832859
epoch: 320 	training acc: 48.88432097741278
Max PSNR is: 21.540481043444515
epoch: 325 	training acc: 43.67307763228639
epoch: 330 	training acc: 47.50511331810404
epoch: 335 	training acc: 60.007512815968425
epoch: 340 	training acc: 49.835372810558056
Max PSNR is: 21.540481043444515
epoch: 345 	training acc: 55.06146631849491
epoch: 350 	training acc: 55.57311161484556
epoch: 355 	training acc: 55.2020764109775
epoch: 360 	training acc: 55.7704547513161
Max PSNR is: 21.692027449998722
epoch: 365 	training acc: 57.49751877495387
epoch: 370 	training acc: 55.362393106265266
epoch: 375 	training acc: 54.49954454801119
epoch: 380 	training acc: 54.546829133106456
Max PSNR is: 21.692027449998722
epoch: 385 	training acc: 54.53453649828013
epoch: 390 	training acc: 56.867794040055685
epoch: 395 	training acc: 57.645014594387845
epoch: 400 	training acc: 59.18104816662904
Max PSNR is: 22.214957481836027
epoch: 405 	training acc: 50.90598984300047
epoch: 410 	training acc: 57.18667000528647
epoch: 415 	training acc: 56.28453179873393
epoch: 420 	training acc: 58.93162302200737
Max PSNR is: 22.214957481836027
epoch: 425 	training acc: 60.389834596448324
epoch: 430 	training acc: 59.306223720309866
epoch: 435 	training acc: 61.5108242105787
epoch: 440 	training acc: 61.98205640041247
Max PSNR is: 22.214957481836027
epoch: 445 	training acc: 61.09490612500562
epoch: 450 	training acc: 54.346639230414226
epoch: 455 	training acc: 52.6599848413145
epoch: 460 	training acc: 54.93437884020666
Max PSNR is: 22.214957481836027
epoch: 465 	training acc: 56.04092825344826
epoch: 470 	training acc: 56.528885546494706
epoch: 475 	training acc: 53.12596990939295
epoch: 480 	training acc: 57.00426822301503
Max PSNR is: 22.214957481836027
epoch: 485 	training acc: 58.49692466215761
epoch: 490 	training acc: 47.82248040935513
epoch: 495 	training acc: 57.11579211318861
epoch: 500 	training acc: 56.05495738542829
Max PSNR is: 22.246288077872496
epoch: 505 	training acc: 56.59066802687752
epoch: 510 	training acc: 62.99666786930841
epoch: 515 	training acc: 64.82431200152533
epoch: 520 	training acc: 60.10927873531801
Max PSNR is: 22.577812748901234
epoch: 525 	training acc: 56.99662014424128
epoch: 530 	training acc: 60.598221085870044
epoch: 535 	training acc: 58.57052270377727
epoch: 540 	training acc: 58.00084450114301
Max PSNR is: 22.577812748901234
epoch: 545 	training acc: 62.83653712825198
epoch: 550 	training acc: 60.815922091922886
epoch: 555 	training acc: 68.80717644339072
epoch: 560 	training acc: 55.16500202097474
Max PSNR is: 22.577812748901234
epoch: 565 	training acc: 69.15456766092191
epoch: 570 	training acc: 45.635918129704244
epoch: 575 	training acc: 62.20378593129156
epoch: 580 	training acc: 64.92021402682967
Max PSNR is: 22.577812748901234
epoch: 585 	training acc: 57.66662070980881
epoch: 590 	training acc: 60.54302259162293
Traceback (most recent call last):
  File "sr_train.py", line 186, in <module>
    main()
  File "sr_train.py", line 88, in main
    for epoch, (spt_ms, spt_rgb, qry_ms, qry_rgb) in enumerate(db):
  File "/apps/pytorch/1.1.0-py36-cuda90/lib/python3.6/site-packages/torch/utils/data/dataloader.py", line 582, in __next__
    return self._process_next_batch(batch)
  File "/apps/pytorch/1.1.0-py36-cuda90/lib/python3.6/site-packages/torch/utils/data/dataloader.py", line 608, in _process_next_batch
    raise batch.exc_type(batch.exc_msg)
FileNotFoundError: Traceback (most recent call last):
  File "/apps/pytorch/1.1.0-py36-cuda90/lib/python3.6/site-packages/torch/utils/data/_utils/worker.py", line 99, in _worker_loop
    samples = collate_fn([dataset[i] for i in batch_indices])
  File "/apps/pytorch/1.1.0-py36-cuda90/lib/python3.6/site-packages/torch/utils/data/_utils/worker.py", line 99, in <listcomp>
    samples = collate_fn([dataset[i] for i in batch_indices])
  File "/flush5/sho092/Robust_learning/MAML-Pytorch/dataloader/StereoMSI_MAML.py", line 164, in __getitem__
    im_rgb = np.array(imread(im_rgb), dtype=np.float)
  File "/apps/python/3.6.1/lib/python3.6/site-packages/skimage/io/_io.py", line 61, in imread
    img = call_plugin('imread', fname, plugin=plugin, **plugin_args)
  File "/apps/python/3.6.1/lib/python3.6/site-packages/skimage/io/manage_plugins.py", line 211, in call_plugin
    return func(*args, **kwargs)
  File "/apps/python/3.6.1/lib/python3.6/site-packages/skimage/io/_plugins/tifffile_plugin.py", line 29, in imread
    with open(fname, 'rb') as f:
FileNotFoundError: [Errno 2] No such file or directory: '/OSM/CBR/D61_RCV/students/sho092/source/train/58.tiff'

