/flush5/sho092/Robust_learning/MAML-Pytorch
Namespace(batch_size=1, batchsz=100000, crop_size=120, data_dist_same=False, epoch=60000, folder_name='', imgc=3, k=7, load='.', meta_lr=0.001, num_workers=1, pin_memory=True, print_every=5, root='/OSM/CBR/D61_RCV/students/sho092/', save_every=20, save_name='.', seed=1, shuffle=True, task_num=5, test_only=False, update_lr=0.01, update_step=3, update_step_test=10)
Namespace(batch_size=1, batchsz=100000, crop_size=120, data_dist_same=False, epoch=60000, folder_name='', imgc=3, k=7, load='.', meta_lr=0.001, num_workers=1, pin_memory=True, print_every=5, root='/OSM/CBR/D61_RCV/students/sho092/', save_every=20, save_name='.', seed=1, shuffle=True, task_num=5, test_only=False, update_lr=0.01, update_step=3, update_step_test=10)
Meta(
  (net): Learner(
    conv2d:(ch_in:16, ch_out:32, k:3x3, stride:1, padding:1)
    relu:(True,)
    conv2d:(ch_in:32, ch_out:32, k:3x3, stride:1, padding:1)
    relu:(True,)
    conv2d:(ch_in:32, ch_out:32, k:3x3, stride:1, padding:1)
    relu:(True,)
    conv2d:(ch_in:32, ch_out:32, k:3x3, stride:1, padding:1)
    relu:(True,)
    conv2d:(ch_in:32, ch_out:3, k:3x3, stride:1, padding:1)
    
    (vars): ParameterList(
        (0): Parameter containing: [torch.cuda.FloatTensor of size 32x16x3x3 (GPU 0)]
        (1): Parameter containing: [torch.cuda.FloatTensor of size 32 (GPU 0)]
        (2): Parameter containing: [torch.cuda.FloatTensor of size 32x32x3x3 (GPU 0)]
        (3): Parameter containing: [torch.cuda.FloatTensor of size 32 (GPU 0)]
        (4): Parameter containing: [torch.cuda.FloatTensor of size 32x32x3x3 (GPU 0)]
        (5): Parameter containing: [torch.cuda.FloatTensor of size 32 (GPU 0)]
        (6): Parameter containing: [torch.cuda.FloatTensor of size 32x32x3x3 (GPU 0)]
        (7): Parameter containing: [torch.cuda.FloatTensor of size 32 (GPU 0)]
        (8): Parameter containing: [torch.cuda.FloatTensor of size 3x32x3x3 (GPU 0)]
        (9): Parameter containing: [torch.cuda.FloatTensor of size 3 (GPU 0)]
    )
    (vars_bn): ParameterList()
  )
)
Total trainable tensors: 33251
shuffle DB :train, b:100000,  40-setsz, 10-querysz
epoch: 0 	training acc: 2.7125787052650248
Max PSNR is: 16.04167344831567
epoch: 5 	training acc: 41.08711452366299
epoch: 10 	training acc: 43.99719068771286
epoch: 15 	training acc: 42.24087189570932
epoch: 20 	training acc: 48.50711920731083
Max PSNR is: 21.851344525407388
epoch: 25 	training acc: 46.07943424324536
epoch: 30 	training acc: 50.23917117035951
epoch: 35 	training acc: 55.58158951890367
epoch: 40 	training acc: 46.40959726895138
Max PSNR is: 21.95915477642737
epoch: 45 	training acc: 53.737629761901175
epoch: 50 	training acc: 52.50801609345168
epoch: 55 	training acc: 55.68823798784866
epoch: 60 	training acc: 43.64645588155102
Max PSNR is: 22.04779310993824
epoch: 65 	training acc: 56.02201335887616
epoch: 70 	training acc: 57.82158142480659
epoch: 75 	training acc: 57.49907756594983
epoch: 80 	training acc: 58.96911397871759
Max PSNR is: 22.275806803155753
epoch: 85 	training acc: 48.17565645690055
epoch: 90 	training acc: 61.12543968368989
epoch: 95 	training acc: 54.78915594999127
epoch: 100 	training acc: 49.089939915535126
Max PSNR is: 22.671925457169774
epoch: 105 	training acc: 49.07994555864208
epoch: 110 	training acc: 52.73503872939157
epoch: 115 	training acc: 53.90763942063434
epoch: 120 	training acc: 54.26485061683783
Max PSNR is: 22.777632707033764
epoch: 125 	training acc: 56.287934901825544
epoch: 130 	training acc: 51.089864593775516
epoch: 135 	training acc: 54.66373089642618
epoch: 140 	training acc: 45.797015419142554
Max PSNR is: 22.787235476695546
epoch: 145 	training acc: 48.868762234129406
epoch: 150 	training acc: 61.25137730538948
epoch: 155 	training acc: 55.841102667850606
epoch: 160 	training acc: 57.36451945713462
Max PSNR is: 22.82026152752167
epoch: 165 	training acc: 59.7668937506645
epoch: 170 	training acc: 45.31986054025445
epoch: 175 	training acc: 54.247269341411474
epoch: 180 	training acc: 48.67310757696284
Max PSNR is: 22.82026152752167
epoch: 185 	training acc: 53.954624587237504
epoch: 190 	training acc: 55.61952976877912
epoch: 195 	training acc: 54.12009143115617
epoch: 200 	training acc: 64.12782316419722
Max PSNR is: 22.82026152752167
epoch: 205 	training acc: 55.69996259163662
epoch: 210 	training acc: 57.620103779150185
epoch: 215 	training acc: 56.04806259789411
epoch: 220 	training acc: 51.127020356549565
Max PSNR is: 22.82026152752167
epoch: 225 	training acc: 55.49992014003162
epoch: 230 	training acc: 58.34210420740814
epoch: 235 	training acc: 56.495071022173164
epoch: 240 	training acc: 55.66697345727613
Max PSNR is: 23.026926598853624
epoch: 245 	training acc: 57.509157151613316
epoch: 250 	training acc: 49.99208731592424
epoch: 255 	training acc: 54.14963438572498
epoch: 260 	training acc: 51.53584832991395
Max PSNR is: 23.026926598853624
epoch: 265 	training acc: 53.404039593045354
epoch: 270 	training acc: 48.61706571364465
epoch: 275 	training acc: 56.24146417697216
epoch: 280 	training acc: 59.45901707456832
Max PSNR is: 23.026926598853624
epoch: 285 	training acc: 59.13315782542573
epoch: 290 	training acc: 56.722562535597376
epoch: 295 	training acc: 52.838883763235
epoch: 300 	training acc: 59.01242045441083
Max PSNR is: 23.026926598853624
epoch: 305 	training acc: 51.85812443259782
epoch: 310 	training acc: 53.56951486939643
epoch: 315 	training acc: 54.53575911153152
epoch: 320 	training acc: 48.871711784883296
Max PSNR is: 23.026926598853624
epoch: 325 	training acc: 43.7451419439128
epoch: 330 	training acc: 47.45967400819131
epoch: 335 	training acc: 60.14979712623018
epoch: 340 	training acc: 50.77821932694361
Max PSNR is: 23.026926598853624
epoch: 345 	training acc: 54.69537572381853
epoch: 350 	training acc: 56.297108250292155
epoch: 355 	training acc: 54.935104591459286
epoch: 360 	training acc: 56.45711424545088
Max PSNR is: 23.026926598853624
epoch: 365 	training acc: 57.68552712331585
epoch: 370 	training acc: 56.00214283794648
epoch: 375 	training acc: 55.867486625640865
epoch: 380 	training acc: 55.78067797735926
Max PSNR is: 23.026926598853624
epoch: 385 	training acc: 55.400172147953484
epoch: 390 	training acc: 56.49684975582114
epoch: 395 	training acc: 58.33610441560107
epoch: 400 	training acc: 59.38368962583641
Max PSNR is: 23.090995997962388
epoch: 405 	training acc: 51.22965039288746
epoch: 410 	training acc: 56.07012282847023
epoch: 415 	training acc: 55.6650544369547
epoch: 420 	training acc: 59.47228364467928
Max PSNR is: 23.090995997962388
epoch: 425 	training acc: 60.92835033653062
epoch: 430 	training acc: 59.2294431091953
epoch: 435 	training acc: 61.84581336509746
epoch: 440 	training acc: 62.529423517146164
Max PSNR is: 23.090995997962388
epoch: 445 	training acc: 62.119324778922795
epoch: 450 	training acc: 54.55874028653015
epoch: 455 	training acc: 52.82814256392594
epoch: 460 	training acc: 54.89649840986218
Max PSNR is: 23.090995997962388
epoch: 465 	training acc: 54.84331198413875
epoch: 470 	training acc: 56.57962289416939
epoch: 475 	training acc: 53.732186432239615
epoch: 480 	training acc: 56.66220006082473
Max PSNR is: 23.090995997962388
epoch: 485 	training acc: 59.04366189048572
epoch: 490 	training acc: 48.200196693219915
epoch: 495 	training acc: 57.128050254190455
epoch: 500 	training acc: 56.173688189745405
Max PSNR is: 23.090995997962388
epoch: 505 	training acc: 57.70663267805368
epoch: 510 	training acc: 63.93813240884993
epoch: 515 	training acc: 65.82055273260339
epoch: 520 	training acc: 60.308107830384245
Max PSNR is: 23.44796559741196
epoch: 525 	training acc: 57.34548779169374
epoch: 530 	training acc: 61.14949411787691
epoch: 535 	training acc: 59.40740544698263
epoch: 540 	training acc: 58.85616954524708
Max PSNR is: 23.44796559741196
epoch: 545 	training acc: 62.81333863895118
epoch: 550 	training acc: 60.596577305356035
epoch: 555 	training acc: 67.53706124173424
epoch: 560 	training acc: 55.02986888562101
Max PSNR is: 23.44796559741196
epoch: 565 	training acc: 68.26756158061916
epoch: 570 	training acc: 46.039483189925114
epoch: 575 	training acc: 61.74328703415108
epoch: 580 	training acc: 65.33068333194544
Max PSNR is: 23.44796559741196
epoch: 585 	training acc: 57.1667622035188
epoch: 590 	training acc: 61.704048092512544
Traceback (most recent call last):
  File "sr_train.py", line 186, in <module>
    main()
  File "sr_train.py", line 88, in main
    for epoch, (spt_ms, spt_rgb, qry_ms, qry_rgb) in enumerate(db):
  File "/apps/pytorch/1.1.0-py36-cuda90/lib/python3.6/site-packages/torch/utils/data/dataloader.py", line 582, in __next__
    return self._process_next_batch(batch)
  File "/apps/pytorch/1.1.0-py36-cuda90/lib/python3.6/site-packages/torch/utils/data/dataloader.py", line 608, in _process_next_batch
    raise batch.exc_type(batch.exc_msg)
FileNotFoundError: Traceback (most recent call last):
  File "/apps/pytorch/1.1.0-py36-cuda90/lib/python3.6/site-packages/torch/utils/data/_utils/worker.py", line 99, in _worker_loop
    samples = collate_fn([dataset[i] for i in batch_indices])
  File "/apps/pytorch/1.1.0-py36-cuda90/lib/python3.6/site-packages/torch/utils/data/_utils/worker.py", line 99, in <listcomp>
    samples = collate_fn([dataset[i] for i in batch_indices])
  File "/flush5/sho092/Robust_learning/MAML-Pytorch/dataloader/StereoMSI_MAML.py", line 164, in __getitem__
    im_rgb = np.array(imread(im_rgb), dtype=np.float)
  File "/apps/python/3.6.1/lib/python3.6/site-packages/skimage/io/_io.py", line 61, in imread
    img = call_plugin('imread', fname, plugin=plugin, **plugin_args)
  File "/apps/python/3.6.1/lib/python3.6/site-packages/skimage/io/manage_plugins.py", line 211, in call_plugin
    return func(*args, **kwargs)
  File "/apps/python/3.6.1/lib/python3.6/site-packages/skimage/io/_plugins/tifffile_plugin.py", line 29, in imread
    with open(fname, 'rb') as f:
FileNotFoundError: [Errno 2] No such file or directory: '/OSM/CBR/D61_RCV/students/sho092/source/train/4.tiff'

