/flush5/sho092/Robust_learning/MAML-Pytorch
Namespace(batch_size=1, batchsz=100000, crop_size=120, data_dist_same=False, epoch=60000, folder_name='', imgc=3, k=8, load='.', meta_lr=0.001, num_workers=1, pin_memory=True, print_every=5, root='/OSM/CBR/D61_RCV/students/sho092/', save_every=20, save_name='.', seed=1, shuffle=True, task_num=5, test_only=False, update_lr=0.01, update_step=3, update_step_test=10)
Namespace(batch_size=1, batchsz=100000, crop_size=120, data_dist_same=False, epoch=60000, folder_name='', imgc=3, k=8, load='.', meta_lr=0.001, num_workers=1, pin_memory=True, print_every=5, root='/OSM/CBR/D61_RCV/students/sho092/', save_every=20, save_name='.', seed=1, shuffle=True, task_num=5, test_only=False, update_lr=0.01, update_step=3, update_step_test=10)
Meta(
  (net): Learner(
    conv2d:(ch_in:16, ch_out:32, k:3x3, stride:1, padding:1)
    relu:(True,)
    conv2d:(ch_in:32, ch_out:32, k:3x3, stride:1, padding:1)
    relu:(True,)
    conv2d:(ch_in:32, ch_out:32, k:3x3, stride:1, padding:1)
    relu:(True,)
    conv2d:(ch_in:32, ch_out:32, k:3x3, stride:1, padding:1)
    relu:(True,)
    conv2d:(ch_in:32, ch_out:3, k:3x3, stride:1, padding:1)
    
    (vars): ParameterList(
        (0): Parameter containing: [torch.cuda.FloatTensor of size 32x16x3x3 (GPU 0)]
        (1): Parameter containing: [torch.cuda.FloatTensor of size 32 (GPU 0)]
        (2): Parameter containing: [torch.cuda.FloatTensor of size 32x32x3x3 (GPU 0)]
        (3): Parameter containing: [torch.cuda.FloatTensor of size 32 (GPU 0)]
        (4): Parameter containing: [torch.cuda.FloatTensor of size 32x32x3x3 (GPU 0)]
        (5): Parameter containing: [torch.cuda.FloatTensor of size 32 (GPU 0)]
        (6): Parameter containing: [torch.cuda.FloatTensor of size 32x32x3x3 (GPU 0)]
        (7): Parameter containing: [torch.cuda.FloatTensor of size 32 (GPU 0)]
        (8): Parameter containing: [torch.cuda.FloatTensor of size 3x32x3x3 (GPU 0)]
        (9): Parameter containing: [torch.cuda.FloatTensor of size 3 (GPU 0)]
    )
    (vars_bn): ParameterList()
  )
)
Total trainable tensors: 33251
shuffle DB :train, b:100000,  40-setsz, 10-querysz
/apps/python/3.6.1/lib/python3.6/site-packages/skimage/io/_io.py:132: UserWarning: ./../experiment/2020-05-08-11:25:04_k8_metalr0.001_updatelr0.01_batchsz100000_updateStep3/validation/img_0.png is a low contrast image
  warn('%s is a low contrast image' % fname)
epoch: 0 	training acc: 2.64355484106826
Max PSNR is: 15.138661915267408
epoch: 5 	training acc: 41.03376182001537
epoch: 10 	training acc: 43.977981941007094
epoch: 15 	training acc: 42.20025347723151
epoch: 20 	training acc: 48.484984512195666
Max PSNR is: 22.074653947275582
epoch: 25 	training acc: 46.03191943860265
epoch: 30 	training acc: 50.19050587405622
epoch: 35 	training acc: 55.5213106591068
epoch: 40 	training acc: 46.36574274954303
Max PSNR is: 22.262464772758666
epoch: 45 	training acc: 53.70847455120092
epoch: 50 	training acc: 52.43358987834095
epoch: 55 	training acc: 55.64544929429342
epoch: 60 	training acc: 43.62449464745052
Max PSNR is: 22.435795053789434
epoch: 65 	training acc: 55.958193634082335
epoch: 70 	training acc: 57.75365769239441
epoch: 75 	training acc: 57.450690335290105
epoch: 80 	training acc: 58.93497064730888
Max PSNR is: 22.729717729536418
epoch: 85 	training acc: 48.095077456871266
epoch: 90 	training acc: 61.09429372082261
epoch: 95 	training acc: 54.7294611798506
epoch: 100 	training acc: 49.05461392253307
Max PSNR is: 23.092098819628305
epoch: 105 	training acc: 49.0536319674423
epoch: 110 	training acc: 52.70262879761382
epoch: 115 	training acc: 53.88020349925196
epoch: 120 	training acc: 54.200072658579145
Max PSNR is: 23.22471289608275
epoch: 125 	training acc: 56.247647487328635
epoch: 130 	training acc: 51.0995204810162
epoch: 135 	training acc: 54.592214967816616
epoch: 140 	training acc: 45.783641918085095
Max PSNR is: 23.271958334034576
epoch: 145 	training acc: 48.83341162969557
epoch: 150 	training acc: 61.21690776543251
epoch: 155 	training acc: 55.77583140608033
epoch: 160 	training acc: 57.310749758067836
Max PSNR is: 23.271958334034576
epoch: 165 	training acc: 59.7063089063827
epoch: 170 	training acc: 45.24104200100608
epoch: 175 	training acc: 54.22335800276592
epoch: 180 	training acc: 48.610526245959015
Max PSNR is: 23.271958334034576
epoch: 185 	training acc: 53.938332697891376
epoch: 190 	training acc: 55.608771588306006
epoch: 195 	training acc: 54.06637410011936
epoch: 200 	training acc: 64.07580252874926
Max PSNR is: 23.271958334034576
epoch: 205 	training acc: 55.64226561586386
epoch: 210 	training acc: 57.544462046952795
epoch: 215 	training acc: 56.03108718056474
epoch: 220 	training acc: 51.06727472490276
Max PSNR is: 23.271958334034576
epoch: 225 	training acc: 55.4098017866344
epoch: 230 	training acc: 58.27826595270993
epoch: 235 	training acc: 56.4289613881724
epoch: 240 	training acc: 55.65039666077127
Max PSNR is: 23.502487580768744
epoch: 245 	training acc: 57.4926639523206
epoch: 250 	training acc: 49.930852975945555
epoch: 255 	training acc: 54.1123412445597
epoch: 260 	training acc: 51.5009435311406
Max PSNR is: 23.502487580768744
epoch: 265 	training acc: 53.38441314290391
epoch: 270 	training acc: 48.572082587586415
epoch: 275 	training acc: 56.18460002645577
epoch: 280 	training acc: 59.364731897109536
Max PSNR is: 23.502487580768744
epoch: 285 	training acc: 59.07855470575009
epoch: 290 	training acc: 56.62533711709985
epoch: 295 	training acc: 52.7830172048281
epoch: 300 	training acc: 58.880849710978815
Max PSNR is: 23.502487580768744
epoch: 305 	training acc: 51.7765375304115
epoch: 310 	training acc: 53.42860719484432
epoch: 315 	training acc: 54.35117928465894
epoch: 320 	training acc: 48.78902616285383
Max PSNR is: 23.502487580768744
epoch: 325 	training acc: 43.73697931932871
epoch: 330 	training acc: 46.65927473291692
epoch: 335 	training acc: 59.25488479763545
epoch: 340 	training acc: 50.78329948948587
Max PSNR is: 23.502487580768744
epoch: 345 	training acc: 55.44096727386025
epoch: 350 	training acc: 56.54142997142794
epoch: 355 	training acc: 55.545483647401866
epoch: 360 	training acc: 55.79660182255693
Max PSNR is: 23.502487580768744
epoch: 365 	training acc: 58.02445787480227
epoch: 370 	training acc: 55.455106610463986
epoch: 375 	training acc: 55.601461879673785
epoch: 380 	training acc: 54.72842559178719
Max PSNR is: 23.502487580768744
epoch: 385 	training acc: 54.7279542215483
epoch: 390 	training acc: 55.74154255172114
epoch: 395 	training acc: 57.296949569112165
epoch: 400 	training acc: 59.21569464681702
Max PSNR is: 24.059556934021234
epoch: 405 	training acc: 50.8057912792624
epoch: 410 	training acc: 56.25033633118585
epoch: 415 	training acc: 55.66139260811832
epoch: 420 	training acc: 58.979658128316586
Max PSNR is: 24.059556934021234
epoch: 425 	training acc: 60.58384122273715
epoch: 430 	training acc: 59.203904962562085
epoch: 435 	training acc: 61.24161035218918
epoch: 440 	training acc: 62.165965604410445
Max PSNR is: 24.059556934021234
epoch: 445 	training acc: 62.085044336200546
epoch: 450 	training acc: 54.54624413874177
epoch: 455 	training acc: 52.67309378817451
epoch: 460 	training acc: 54.76619390874517
Max PSNR is: 24.059556934021234
epoch: 465 	training acc: 54.63980854272963
epoch: 470 	training acc: 56.407536623245846
epoch: 475 	training acc: 52.791027692786415
epoch: 480 	training acc: 56.7437273435678
Max PSNR is: 24.059556934021234
epoch: 485 	training acc: 58.49540280602643
epoch: 490 	training acc: 47.13486672756715
epoch: 495 	training acc: 56.058634592424944
epoch: 500 	training acc: 56.31686267117112
Max PSNR is: 24.059556934021234
epoch: 505 	training acc: 57.508838662331925
epoch: 510 	training acc: 63.40844016011479
epoch: 515 	training acc: 65.07550413314458
epoch: 520 	training acc: 59.77511775238469
Max PSNR is: 24.26180740616698
epoch: 525 	training acc: 56.64070245791906
epoch: 530 	training acc: 60.55949195654944
epoch: 535 	training acc: 58.03455048360773
epoch: 540 	training acc: 58.11334856331506
Max PSNR is: 24.26180740616698
epoch: 545 	training acc: 62.73639091452494
epoch: 550 	training acc: 60.75634013074338
epoch: 555 	training acc: 68.87863299082397
epoch: 560 	training acc: 53.43936700685663
Max PSNR is: 24.26180740616698
epoch: 565 	training acc: 68.0379292961966
epoch: 570 	training acc: 45.80065953486258
epoch: 575 	training acc: 62.33182725695701
Traceback (most recent call last):
  File "sr_train.py", line 186, in <module>
    main()
  File "sr_train.py", line 88, in main
    for epoch, (spt_ms, spt_rgb, qry_ms, qry_rgb) in enumerate(db):
  File "/apps/pytorch/1.1.0-py36-cuda90/lib/python3.6/site-packages/torch/utils/data/dataloader.py", line 582, in __next__
    return self._process_next_batch(batch)
  File "/apps/pytorch/1.1.0-py36-cuda90/lib/python3.6/site-packages/torch/utils/data/dataloader.py", line 608, in _process_next_batch
    raise batch.exc_type(batch.exc_msg)
FileNotFoundError: Traceback (most recent call last):
  File "/apps/pytorch/1.1.0-py36-cuda90/lib/python3.6/site-packages/torch/utils/data/_utils/worker.py", line 99, in _worker_loop
    samples = collate_fn([dataset[i] for i in batch_indices])
  File "/apps/pytorch/1.1.0-py36-cuda90/lib/python3.6/site-packages/torch/utils/data/_utils/worker.py", line 99, in <listcomp>
    samples = collate_fn([dataset[i] for i in batch_indices])
  File "/flush5/sho092/Robust_learning/MAML-Pytorch/dataloader/StereoMSI_MAML.py", line 163, in __getitem__
    im_ms = np.array(np.load(im_ms), dtype=np.float)
  File "/apps/python/3.6.1/lib/python3.6/site-packages/numpy-1.12.1-py3.6-linux-x86_64.egg/numpy/lib/npyio.py", line 370, in load
    fid = open(file, "rb")
FileNotFoundError: [Errno 2] No such file or directory: '/OSM/CBR/D61_RCV/students/sho092/source/train/152.npy'

