/flush5/sho092/Robust_learning/MAML-Pytorch
Namespace(batch_size=1, batchsz=100000, crop_size=120, data_dist_same=False, epoch=60000, folder_name='', imgc=3, k=8, load='.', meta_lr=0.001, num_workers=1, pin_memory=True, print_every=5, root='/OSM/CBR/D61_RCV/students/sho092/', save_every=20, save_name='.', seed=1, shuffle=True, task_num=5, test_only=False, update_lr=0.01, update_step=5, update_step_test=10)
Namespace(batch_size=1, batchsz=100000, crop_size=120, data_dist_same=False, epoch=60000, folder_name='', imgc=3, k=8, load='.', meta_lr=0.001, num_workers=1, pin_memory=True, print_every=5, root='/OSM/CBR/D61_RCV/students/sho092/', save_every=20, save_name='.', seed=1, shuffle=True, task_num=5, test_only=False, update_lr=0.01, update_step=5, update_step_test=10)
Meta(
  (net): Learner(
    conv2d:(ch_in:16, ch_out:32, k:3x3, stride:1, padding:1)
    relu:(True,)
    conv2d:(ch_in:32, ch_out:32, k:3x3, stride:1, padding:1)
    relu:(True,)
    conv2d:(ch_in:32, ch_out:32, k:3x3, stride:1, padding:1)
    relu:(True,)
    conv2d:(ch_in:32, ch_out:32, k:3x3, stride:1, padding:1)
    relu:(True,)
    conv2d:(ch_in:32, ch_out:3, k:3x3, stride:1, padding:1)
    
    (vars): ParameterList(
        (0): Parameter containing: [torch.cuda.FloatTensor of size 32x16x3x3 (GPU 0)]
        (1): Parameter containing: [torch.cuda.FloatTensor of size 32 (GPU 0)]
        (2): Parameter containing: [torch.cuda.FloatTensor of size 32x32x3x3 (GPU 0)]
        (3): Parameter containing: [torch.cuda.FloatTensor of size 32 (GPU 0)]
        (4): Parameter containing: [torch.cuda.FloatTensor of size 32x32x3x3 (GPU 0)]
        (5): Parameter containing: [torch.cuda.FloatTensor of size 32 (GPU 0)]
        (6): Parameter containing: [torch.cuda.FloatTensor of size 32x32x3x3 (GPU 0)]
        (7): Parameter containing: [torch.cuda.FloatTensor of size 32 (GPU 0)]
        (8): Parameter containing: [torch.cuda.FloatTensor of size 3x32x3x3 (GPU 0)]
        (9): Parameter containing: [torch.cuda.FloatTensor of size 3 (GPU 0)]
    )
    (vars_bn): ParameterList()
  )
)
Total trainable tensors: 33251
shuffle DB :train, b:100000,  40-setsz, 10-querysz
/apps/python/3.6.1/lib/python3.6/site-packages/skimage/io/_io.py:132: UserWarning: ./../experiment/2020-05-06-16:32:38_k8_metalr0.001_updatelr0.01_batchsz100000_updateStep5/validation/img_0.png is a low contrast image
  warn('%s is a low contrast image' % fname)
epoch: 0 	training acc: 3.496146437242175
Max PSNR is: 15.14735254802908
epoch: 5 	training acc: 41.40451314073834
epoch: 10 	training acc: 44.13076297150785
epoch: 15 	training acc: 42.40418495597065
epoch: 20 	training acc: 48.34481979243242
Max PSNR is: 22.004435587692136
epoch: 25 	training acc: 46.09650371866063
epoch: 30 	training acc: 50.16050436801798
epoch: 35 	training acc: 55.52262727658485
epoch: 40 	training acc: 46.36252099668532
Max PSNR is: 22.05176772726527
epoch: 45 	training acc: 53.59180482438943
epoch: 50 	training acc: 52.51356303922688
epoch: 55 	training acc: 55.72573229612534
epoch: 60 	training acc: 43.65125664410909
Max PSNR is: 22.44298575396111
epoch: 65 	training acc: 55.96448954227323
epoch: 70 	training acc: 57.822247470798715
epoch: 75 	training acc: 57.543739354369094
epoch: 80 	training acc: 58.93201305364527
Max PSNR is: 22.608745071141175
epoch: 85 	training acc: 48.156679383736474
epoch: 90 	training acc: 61.11459190856732
epoch: 95 	training acc: 54.75335445268426
epoch: 100 	training acc: 49.05731215222632
Max PSNR is: 23.036436865182292
epoch: 105 	training acc: 49.01738516619512
epoch: 110 	training acc: 52.775026678657326
epoch: 115 	training acc: 53.81399732558221
epoch: 120 	training acc: 54.20815669125301
Max PSNR is: 23.21284763423569
epoch: 125 	training acc: 56.28363879784573
epoch: 130 	training acc: 51.21443400266014
epoch: 135 	training acc: 54.668968582385375
epoch: 140 	training acc: 45.79624545159692
Max PSNR is: 23.231699874244825
epoch: 145 	training acc: 48.83521392368014
epoch: 150 	training acc: 61.22604644589315
epoch: 155 	training acc: 55.74305086199293
epoch: 160 	training acc: 57.29942097270612
Max PSNR is: 23.231699874244825
epoch: 165 	training acc: 59.679791709482004
epoch: 170 	training acc: 45.3078726425284
epoch: 175 	training acc: 54.19211218046103
epoch: 180 	training acc: 48.726051927302876
Max PSNR is: 23.231699874244825
epoch: 185 	training acc: 54.10251487748212
epoch: 190 	training acc: 55.77652559741094
epoch: 195 	training acc: 54.1153790392583
epoch: 200 	training acc: 64.09605192520866
Max PSNR is: 23.231699874244825
epoch: 205 	training acc: 55.67684065546325
epoch: 210 	training acc: 57.56349894163797
epoch: 215 	training acc: 55.84679364161233
epoch: 220 	training acc: 51.135060227814385
Max PSNR is: 23.231699874244825
epoch: 225 	training acc: 55.109170571591505
epoch: 230 	training acc: 58.476585350880285
epoch: 235 	training acc: 56.595139914596814
epoch: 240 	training acc: 55.69717865507022
Max PSNR is: 23.470919178098665
epoch: 245 	training acc: 57.602713952830214
epoch: 250 	training acc: 50.11978290717805
epoch: 255 	training acc: 54.22934736359661
epoch: 260 	training acc: 51.61674505682073
Max PSNR is: 23.470919178098665
epoch: 265 	training acc: 53.482811927452744
epoch: 270 	training acc: 48.520944827180166
epoch: 275 	training acc: 56.25531685640227
epoch: 280 	training acc: 59.31447612224275
Max PSNR is: 23.470919178098665
epoch: 285 	training acc: 59.01077136488767
epoch: 290 	training acc: 57.04079205852088
epoch: 295 	training acc: 52.925345210269356
epoch: 300 	training acc: 58.80357463604602
Max PSNR is: 23.470919178098665
epoch: 305 	training acc: 51.794321303103715
epoch: 310 	training acc: 53.19571019623632
epoch: 315 	training acc: 54.29658957193725
epoch: 320 	training acc: 48.482339473105725
Max PSNR is: 23.470919178098665
epoch: 325 	training acc: 43.65130777207942
epoch: 330 	training acc: 47.18261852671577
epoch: 335 	training acc: 59.638093399414814
epoch: 340 	training acc: 50.10189934093104
Max PSNR is: 23.470919178098665
epoch: 345 	training acc: 55.86175504497483
epoch: 350 	training acc: 56.264188252149836
epoch: 355 	training acc: 55.92890300654348
epoch: 360 	training acc: 55.96806643000187
Max PSNR is: 23.470919178098665
epoch: 365 	training acc: 57.92076193260155
epoch: 370 	training acc: 55.55675214069784
epoch: 375 	training acc: 55.20740705402811
epoch: 380 	training acc: 54.92215799020489
Max PSNR is: 23.470919178098665
epoch: 385 	training acc: 54.74655945446377
epoch: 390 	training acc: 56.15712429372901
epoch: 395 	training acc: 57.72539236369795
epoch: 400 	training acc: 59.313656610265255
Max PSNR is: 24.0421242739829
epoch: 405 	training acc: 50.82087718779762
epoch: 410 	training acc: 54.766253379852735
epoch: 415 	training acc: 54.958384057179444
epoch: 420 	training acc: 58.615359212945556
Max PSNR is: 24.0421242739829
epoch: 425 	training acc: 60.51075115635919
epoch: 430 	training acc: 58.52125373126994
epoch: 435 	training acc: 61.57682228441091
epoch: 440 	training acc: 62.42493275148263
Max PSNR is: 24.0421242739829
epoch: 445 	training acc: 61.64255526673756
epoch: 450 	training acc: 54.14215113505472
epoch: 455 	training acc: 52.865308550654646
epoch: 460 	training acc: 55.01032933863061
Max PSNR is: 24.0421242739829
epoch: 465 	training acc: 55.313305581557074
epoch: 470 	training acc: 56.53635782983101
epoch: 475 	training acc: 53.14848856297855
epoch: 480 	training acc: 57.119060547469275
Max PSNR is: 24.0421242739829
epoch: 485 	training acc: 58.4237787164277
epoch: 490 	training acc: 47.146091283577164
epoch: 495 	training acc: 56.6183617229716
epoch: 500 	training acc: 55.82974385983802
Max PSNR is: 24.0421242739829
epoch: 505 	training acc: 56.87373165155957
epoch: 510 	training acc: 62.81863606713887
epoch: 515 	training acc: 64.73456164542547
epoch: 520 	training acc: 59.0847897080948
Max PSNR is: 24.183228900529127
epoch: 525 	training acc: 56.52655418866637
epoch: 530 	training acc: 59.991894571865416
epoch: 535 	training acc: 57.821971827914574
epoch: 540 	training acc: 58.46319048467057
Max PSNR is: 24.183228900529127
epoch: 545 	training acc: 62.449758797277894
epoch: 550 	training acc: 60.443648778040085
epoch: 555 	training acc: 69.29723577062808
epoch: 560 	training acc: 54.89606896018769
Max PSNR is: 24.183228900529127
epoch: 565 	training acc: 68.21571911768612
epoch: 570 	training acc: 45.61612322563863
epoch: 575 	training acc: 62.184168919913894
epoch: 580 	training acc: 64.83175261584631
Max PSNR is: 24.183228900529127
epoch: 585 	training acc: 57.846228524552544
epoch: 590 	training acc: 61.05316890025034
epoch: 595 	training acc: 63.598547593139294
epoch: 600 	training acc: 52.311883811246474
Max PSNR is: 24.183228900529127
epoch: 605 	training acc: 60.11863362515349
epoch: 610 	training acc: 60.36445952981592
epoch: 615 	training acc: 63.090283850595895
epoch: 620 	training acc: 62.97421877592754
Max PSNR is: 24.183228900529127
epoch: 625 	training acc: 55.47718230114997
epoch: 630 	training acc: 58.72418431020351
epoch: 635 	training acc: 59.625498115105756
epoch: 640 	training acc: 60.19268611327865
Max PSNR is: 24.183228900529127
epoch: 645 	training acc: 54.10019819684198
epoch: 650 	training acc: 60.58289210318996
epoch: 655 	training acc: 58.44950582615561
epoch: 660 	training acc: 60.839482886641434
Max PSNR is: 24.183228900529127
epoch: 665 	training acc: 62.38954378968255
epoch: 670 	training acc: 56.006481681019885
epoch: 675 	training acc: 56.5352035364163
epoch: 680 	training acc: 57.62390906601727
Max PSNR is: 24.183228900529127
epoch: 685 	training acc: 59.61615004084399
epoch: 690 	training acc: 63.172176464256545
epoch: 695 	training acc: 57.97819937425571
epoch: 700 	training acc: 58.53132611563976
Max PSNR is: 24.183228900529127
epoch: 705 	training acc: 59.21596522479172
epoch: 710 	training acc: 51.12701643756141
epoch: 715 	training acc: 66.83337450455221
epoch: 720 	training acc: 60.05763150070892
Max PSNR is: 24.183228900529127
epoch: 725 	training acc: 61.47505423419395
epoch: 730 	training acc: 61.132463741297585
epoch: 735 	training acc: 61.70037570914088
epoch: 740 	training acc: 58.8260261788403
Max PSNR is: 24.183228900529127
epoch: 745 	training acc: 59.20196207774575
epoch: 750 	training acc: 59.20154371636227
epoch: 755 	training acc: 59.52319200575708
epoch: 760 	training acc: 62.02991510221558
Max PSNR is: 24.183228900529127
epoch: 765 	training acc: 66.94691183719394
epoch: 770 	training acc: 60.39760862698095
epoch: 775 	training acc: 57.83255782660814
epoch: 780 	training acc: 61.470183089477345
Max PSNR is: 24.183228900529127
epoch: 785 	training acc: 57.62430263880346
epoch: 790 	training acc: 57.79251343050165
epoch: 795 	training acc: 58.514354887415074
epoch: 800 	training acc: 60.59943678423456
Max PSNR is: 24.183228900529127
epoch: 805 	training acc: 59.39720764486975
epoch: 810 	training acc: 61.20915333331561
epoch: 815 	training acc: 56.687806174783645
epoch: 820 	training acc: 59.76442797364742
Max PSNR is: 24.183228900529127
epoch: 825 	training acc: 56.84354606126853
epoch: 830 	training acc: 62.91959435420167
epoch: 835 	training acc: 57.74227501913207
epoch: 840 	training acc: 55.288581292337895
Max PSNR is: 24.183228900529127
epoch: 845 	training acc: 64.85902354368834
epoch: 850 	training acc: 51.404207052239784
epoch: 855 	training acc: 64.57493396943362
epoch: 860 	training acc: 57.96545749956931
Max PSNR is: 24.183228900529127
epoch: 865 	training acc: 60.21051334034351
epoch: 870 	training acc: 61.48775201710396
epoch: 875 	training acc: 61.55985306348288
epoch: 880 	training acc: 64.96980179111966
Max PSNR is: 24.183228900529127
epoch: 885 	training acc: 65.53514604179215
epoch: 890 	training acc: 55.8599778179472
epoch: 895 	training acc: 65.90667847163165
epoch: 900 	training acc: 61.82297039961429
Max PSNR is: 24.183228900529127
epoch: 905 	training acc: 64.20508044281192
epoch: 910 	training acc: 58.237010601242034
epoch: 915 	training acc: 63.041735192301715
epoch: 920 	training acc: 60.05954285102085
Max PSNR is: 24.183228900529127
epoch: 925 	training acc: 60.65310294959312
epoch: 930 	training acc: 69.218406247948
epoch: 935 	training acc: 62.47166702727213
epoch: 940 	training acc: 59.1485248187975
Max PSNR is: 24.183228900529127
epoch: 945 	training acc: 60.76151988299412
epoch: 950 	training acc: 68.15063608034683
epoch: 955 	training acc: 66.51959223619887
epoch: 960 	training acc: 59.38573627113909
Max PSNR is: 24.183228900529127
epoch: 965 	training acc: 65.46188962325465
epoch: 970 	training acc: 58.01822427094837
epoch: 975 	training acc: 54.80995048421326
epoch: 980 	training acc: 56.423050295215745
Max PSNR is: 24.183228900529127
epoch: 985 	training acc: 63.1817399385951
epoch: 990 	training acc: 63.163641131014636
epoch: 995 	training acc: 66.38109273339278
epoch: 1000 	training acc: 62.76392661580402
Max PSNR is: 24.183228900529127
epoch: 1005 	training acc: 61.08763661219653
epoch: 1010 	training acc: 61.0320805343486
epoch: 1015 	training acc: 66.42084922256622
epoch: 1020 	training acc: 65.50733924293574
Max PSNR is: 24.183228900529127
epoch: 1025 	training acc: 71.22510650199368
epoch: 1030 	training acc: 64.70422163681492
epoch: 1035 	training acc: 63.97077929195102
epoch: 1040 	training acc: 63.50930624874577
Max PSNR is: 24.183228900529127
epoch: 1045 	training acc: 56.086853936474625
epoch: 1050 	training acc: 61.947212908336056
epoch: 1055 	training acc: 57.30675402237868
epoch: 1060 	training acc: 55.91639264652662
Max PSNR is: 24.183228900529127
epoch: 1065 	training acc: 54.870761071660866
epoch: 1070 	training acc: 64.42812943561125
epoch: 1075 	training acc: 53.923700098888695
epoch: 1080 	training acc: 60.53030999053389
Max PSNR is: 24.183228900529127
epoch: 1085 	training acc: 58.89751182074214
epoch: 1090 	training acc: 61.456399595901914
epoch: 1095 	training acc: 62.90017290429479
epoch: 1100 	training acc: 54.0211802277037
Max PSNR is: 24.183228900529127
epoch: 1105 	training acc: 59.43524893634874
epoch: 1110 	training acc: 64.94675941480628
epoch: 1115 	training acc: 66.95926700308013
epoch: 1120 	training acc: 55.73528192074298
Max PSNR is: 24.183228900529127
epoch: 1125 	training acc: 59.543465012243104
epoch: 1130 	training acc: 61.44434488416751
epoch: 1135 	training acc: 60.29077060673046
epoch: 1140 	training acc: 62.89234129833522
Max PSNR is: 24.183228900529127
epoch: 1145 	training acc: 63.79866368433525
epoch: 1150 	training acc: 54.73463162046744
epoch: 1155 	training acc: 59.55955718593214
epoch: 1160 	training acc: 64.49423450447487
Max PSNR is: 24.183228900529127
epoch: 1165 	training acc: 61.07860015847613
epoch: 1170 	training acc: 58.48810644872054
epoch: 1175 	training acc: 65.98690772170794
epoch: 1180 	training acc: 60.12537622282422
Max PSNR is: 24.183228900529127
epoch: 1185 	training acc: 63.95241708779074
epoch: 1190 	training acc: 64.50240256975145
epoch: 1195 	training acc: 58.04250040292563
epoch: 1200 	training acc: 58.82367579453066
Max PSNR is: 24.183228900529127
epoch: 1205 	training acc: 61.86098872600621
epoch: 1210 	training acc: 59.782796345216
epoch: 1215 	training acc: 71.53661847858531
epoch: 1220 	training acc: 61.53073880595464
Max PSNR is: 24.183228900529127
epoch: 1225 	training acc: 68.7808552254865
epoch: 1230 	training acc: 65.91814407282769
epoch: 1235 	training acc: 54.68813687359264
epoch: 1240 	training acc: 66.99344914565297
Max PSNR is: 24.183228900529127
epoch: 1245 	training acc: 63.74334384756304
epoch: 1250 	training acc: 63.73982432270408
epoch: 1255 	training acc: 63.65242346839009
epoch: 1260 	training acc: 60.8396434479718
Max PSNR is: 24.183228900529127
epoch: 1265 	training acc: 58.20104330365258
epoch: 1270 	training acc: 60.85257438770787
epoch: 1275 	training acc: 66.46070872487981
epoch: 1280 	training acc: 68.11048334363376
Max PSNR is: 24.183228900529127
epoch: 1285 	training acc: 66.60815355556224
epoch: 1290 	training acc: 63.94929655575763
epoch: 1295 	training acc: 61.81555447101131
epoch: 1300 	training acc: 62.52609437654101
Max PSNR is: 24.183228900529127
epoch: 1305 	training acc: 61.1985231356132
epoch: 1310 	training acc: 62.97777541856395
epoch: 1315 	training acc: 62.67276537275254
epoch: 1320 	training acc: 60.63404318570706
Max PSNR is: 24.183228900529127
epoch: 1325 	training acc: 66.10272721753906
epoch: 1330 	training acc: 57.19585089336508
epoch: 1335 	training acc: 59.18175718077971
epoch: 1340 	training acc: 65.23245199247151
Max PSNR is: 24.183228900529127
epoch: 1345 	training acc: 64.42326954358794
epoch: 1350 	training acc: 64.85568913245028
epoch: 1355 	training acc: 65.96978080235657
epoch: 1360 	training acc: 57.23157093894331
Max PSNR is: 24.183228900529127
epoch: 1365 	training acc: 62.22112297530701
epoch: 1370 	training acc: 61.2344024874829
epoch: 1375 	training acc: 62.681353700793224
epoch: 1380 	training acc: 62.48778081995599
Max PSNR is: 24.183228900529127
epoch: 1385 	training acc: 59.53252746979419
epoch: 1390 	training acc: 62.99791992392133
epoch: 1395 	training acc: 60.185919942424555
epoch: 1400 	training acc: 61.84518576427388
Max PSNR is: 24.183228900529127
epoch: 1405 	training acc: 66.17160139820149
epoch: 1410 	training acc: 65.92459818436024
epoch: 1415 	training acc: 63.81246394878052
epoch: 1420 	training acc: 55.72320573859771
Max PSNR is: 24.183228900529127
epoch: 1425 	training acc: 57.14111980873965
epoch: 1430 	training acc: 60.368402511303145
epoch: 1435 	training acc: 64.72837737421416
epoch: 1440 	training acc: 65.88999849047605
Max PSNR is: 24.183228900529127
epoch: 1445 	training acc: 56.219410259973465
epoch: 1450 	training acc: 63.63584730347043
epoch: 1455 	training acc: 56.886821123421925
epoch: 1460 	training acc: 68.86623677451136
Max PSNR is: 24.183228900529127
epoch: 1465 	training acc: 56.996857181656736
epoch: 1470 	training acc: 61.458614305158044
epoch: 1475 	training acc: 61.95938309444914
epoch: 1480 	training acc: 58.95386337069743
Max PSNR is: 24.183228900529127
epoch: 1485 	training acc: 60.758107234239354
epoch: 1490 	training acc: 61.53117059129739
epoch: 1495 	training acc: 60.032564678942975
epoch: 1500 	training acc: 63.894040730730886
Max PSNR is: 24.183228900529127
epoch: 1505 	training acc: 64.62844413901468
epoch: 1510 	training acc: 57.97186863968675
epoch: 1515 	training acc: 65.54128416608347
epoch: 1520 	training acc: 64.70200936680321
Max PSNR is: 24.183228900529127
epoch: 1525 	training acc: 53.93767530622724
epoch: 1530 	training acc: 61.747183692299515
epoch: 1535 	training acc: 59.68767260462195
epoch: 1540 	training acc: 65.83547892516171
Max PSNR is: 24.183228900529127
epoch: 1545 	training acc: 62.98607050702787
epoch: 1550 	training acc: 59.72474850788227
epoch: 1555 	training acc: 66.61906574323683
epoch: 1560 	training acc: 68.40836864775905
Max PSNR is: 24.183228900529127
epoch: 1565 	training acc: 59.18496613167855
epoch: 1570 	training acc: 68.17616914423986
epoch: 1575 	training acc: 66.71823963433319
epoch: 1580 	training acc: 58.98448333426837
Max PSNR is: 24.183228900529127
epoch: 1585 	training acc: 58.093783069806875
epoch: 1590 	training acc: 59.64608183270911
epoch: 1595 	training acc: 69.00227604493038
epoch: 1600 	training acc: 59.8084803436191
Max PSNR is: 24.183228900529127
epoch: 1605 	training acc: 58.240713378536995
epoch: 1610 	training acc: 65.24337077405643
epoch: 1615 	training acc: 64.47070446716891
epoch: 1620 	training acc: 63.549033237742535
Max PSNR is: 24.183228900529127
epoch: 1625 	training acc: 58.623594196646344
epoch: 1630 	training acc: 66.3904802597858
epoch: 1635 	training acc: 64.01712697540826
epoch: 1640 	training acc: 58.78739005356499
Max PSNR is: 24.183228900529127
epoch: 1645 	training acc: 59.90906125763203
epoch: 1650 	training acc: 60.78229421156907
epoch: 1655 	training acc: 59.41645691809667
epoch: 1660 	training acc: 64.57064772763789
Max PSNR is: 24.183228900529127
epoch: 1665 	training acc: 69.48132058093577
epoch: 1670 	training acc: 64.52443325201276
epoch: 1675 	training acc: 66.31580667547746
epoch: 1680 	training acc: 67.22389011628259
Max PSNR is: 24.183228900529127
epoch: 1685 	training acc: 65.6722631693465
epoch: 1690 	training acc: 62.664084125728245
epoch: 1695 	training acc: 67.16846236399755
epoch: 1700 	training acc: 65.16686097678988
Max PSNR is: 24.183228900529127
epoch: 1705 	training acc: 62.23362125398194
epoch: 1710 	training acc: 57.93041268912191
epoch: 1715 	training acc: 62.65746429745196
epoch: 1720 	training acc: 62.68725349427955
Max PSNR is: 24.183228900529127
epoch: 1725 	training acc: 59.79594021742248
epoch: 1730 	training acc: 62.976430350656365
epoch: 1735 	training acc: 60.2939819852683
epoch: 1740 	training acc: 60.79497528897903
Max PSNR is: 24.183228900529127
epoch: 1745 	training acc: 58.19708653045055
epoch: 1750 	training acc: 66.96906325887845
epoch: 1755 	training acc: 67.12412331806937
epoch: 1760 	training acc: 60.86722394264258
Max PSNR is: 24.183228900529127
epoch: 1765 	training acc: 69.48327517991245
epoch: 1770 	training acc: 60.25750572797347
epoch: 1775 	training acc: 62.40829848141638
epoch: 1780 	training acc: 64.71469519852562
Max PSNR is: 24.183228900529127
epoch: 1785 	training acc: 61.82383531294354
epoch: 1790 	training acc: 71.77518317655678
epoch: 1795 	training acc: 64.65844122616386
epoch: 1800 	training acc: 70.7698135273092
Max PSNR is: 24.183228900529127
epoch: 1805 	training acc: 62.58963633078892
epoch: 1810 	training acc: 69.5740629795933
epoch: 1815 	training acc: 65.41168610293678
epoch: 1820 	training acc: 55.59333820360625
Max PSNR is: 24.183228900529127
epoch: 1825 	training acc: 62.4340733165732
epoch: 1830 	training acc: 63.62922584914949
epoch: 1835 	training acc: 61.36298177721652
epoch: 1840 	training acc: 62.30523054890425
Max PSNR is: 24.183228900529127
epoch: 1845 	training acc: 62.577978439938235
epoch: 1850 	training acc: 62.405745224895234
epoch: 1855 	training acc: 61.338315657282095
epoch: 1860 	training acc: 68.53433657889042
Max PSNR is: 24.183228900529127
epoch: 1865 	training acc: 57.62845802250869
epoch: 1870 	training acc: 57.81988671057712
epoch: 1875 	training acc: 68.40857664608079
epoch: 1880 	training acc: 62.389704081535086
Max PSNR is: 24.183228900529127
epoch: 1885 	training acc: 62.81323398152916
epoch: 1890 	training acc: 68.04518119447255
epoch: 1895 	training acc: 69.72964830525731
epoch: 1900 	training acc: 62.26489056762034
Max PSNR is: 24.183228900529127
epoch: 1905 	training acc: 69.41091580301021
epoch: 1910 	training acc: 61.15417239176835
epoch: 1915 	training acc: 57.533355995373135
epoch: 1920 	training acc: 59.05239545040648
Max PSNR is: 24.183228900529127
epoch: 1925 	training acc: 55.47592725501998
epoch: 1930 	training acc: 66.23597054495153
epoch: 1935 	training acc: 55.27791060729062
epoch: 1940 	training acc: 68.20068867032845
Max PSNR is: 24.183228900529127
epoch: 1945 	training acc: 56.914907027229745
epoch: 1950 	training acc: 64.90072189861112
epoch: 1955 	training acc: 67.74662925312973
epoch: 1960 	training acc: 67.4465378429459
Max PSNR is: 24.183228900529127
epoch: 1965 	training acc: 65.01740394302955
epoch: 1970 	training acc: 65.30870810941417
epoch: 1975 	training acc: 73.03406744609573
epoch: 1980 	training acc: 70.01034104695503
Max PSNR is: 24.183228900529127
epoch: 1985 	training acc: 65.82555533395369
epoch: 1990 	training acc: 59.797242277137464
epoch: 1995 	training acc: 68.23324685038523
epoch: 2000 	training acc: 69.20809785959676
Max PSNR is: 24.183228900529127
epoch: 2005 	training acc: 72.92435823119447
epoch: 2010 	training acc: 66.1138083963196
epoch: 2015 	training acc: 61.884743689821406
epoch: 2020 	training acc: 69.83367314838434
Max PSNR is: 24.183228900529127
epoch: 2025 	training acc: 66.75192308610094
epoch: 2030 	training acc: 59.681296813547036
epoch: 2035 	training acc: 66.2650463382565
epoch: 2040 	training acc: 69.00720229534255
Max PSNR is: 24.183228900529127
epoch: 2045 	training acc: 67.54564825251491
epoch: 2050 	training acc: 64.49812087474223
epoch: 2055 	training acc: 67.50757415707088
epoch: 2060 	training acc: 58.94827511859826
Max PSNR is: 24.183228900529127
epoch: 2065 	training acc: 60.64754686483906
epoch: 2070 	training acc: 60.94653185059301
epoch: 2075 	training acc: 70.0947344832381
epoch: 2080 	training acc: 63.504746792153426
Max PSNR is: 24.183228900529127
epoch: 2085 	training acc: 66.83334472927044
epoch: 2090 	training acc: 60.4525199916443
epoch: 2095 	training acc: 70.81576989160766
epoch: 2100 	training acc: 61.30515363825409
Max PSNR is: 24.183228900529127
epoch: 2105 	training acc: 62.114718310248904
epoch: 2110 	training acc: 62.03109003142828
epoch: 2115 	training acc: 65.4076834503401
epoch: 2120 	training acc: 68.14911329740477
Max PSNR is: 24.183228900529127
epoch: 2125 	training acc: 64.66640600619178
epoch: 2130 	training acc: 56.458607366272815
epoch: 2135 	training acc: 64.01892113609289
epoch: 2140 	training acc: 66.2599881880114
Max PSNR is: 24.183228900529127
epoch: 2145 	training acc: 69.92389279617394
epoch: 2150 	training acc: 65.69940722038159
epoch: 2155 	training acc: 59.57539616584312
epoch: 2160 	training acc: 66.15516916351149
Max PSNR is: 24.183228900529127
epoch: 2165 	training acc: 66.5880056757359
epoch: 2170 	training acc: 62.93096429564656
epoch: 2175 	training acc: 61.420334710273494
epoch: 2180 	training acc: 68.2331788200495
Max PSNR is: 24.183228900529127
epoch: 2185 	training acc: 65.34370658142987
epoch: 2190 	training acc: 66.71052736246547
epoch: 2195 	training acc: 70.57509963277768
epoch: 2200 	training acc: 67.82541786385937
Max PSNR is: 24.183228900529127
epoch: 2205 	training acc: 71.50945130380887
epoch: 2210 	training acc: 63.70883312518531
epoch: 2215 	training acc: 62.88023645427244
epoch: 2220 	training acc: 60.79738665772756
Max PSNR is: 24.183228900529127
epoch: 2225 	training acc: 64.31833566110144
epoch: 2230 	training acc: 65.58079154815532
epoch: 2235 	training acc: 64.7508008284469
epoch: 2240 	training acc: 63.48274220989605
Max PSNR is: 24.183228900529127
epoch: 2245 	training acc: 61.955699119822974
epoch: 2250 	training acc: 66.66496260540173
epoch: 2255 	training acc: 69.47047614209417
epoch: 2260 	training acc: 58.924879192199725
Max PSNR is: 24.183228900529127
epoch: 2265 	training acc: 73.04949736895001
epoch: 2270 	training acc: 70.84607052139577
epoch: 2275 	training acc: 64.44920031635941
epoch: 2280 	training acc: 67.33346597169228
Max PSNR is: 24.183228900529127
epoch: 2285 	training acc: 60.258507655342704
epoch: 2290 	training acc: 65.37705448599431
epoch: 2295 	training acc: 64.76457504477517
epoch: 2300 	training acc: 61.16313455511286
Max PSNR is: 24.183228900529127
epoch: 2305 	training acc: 65.92964959022004
epoch: 2310 	training acc: 63.13247803114369
epoch: 2315 	training acc: 55.69345787748253
epoch: 2320 	training acc: 60.24930636498678
Max PSNR is: 24.183228900529127
epoch: 2325 	training acc: 59.076375453492446
epoch: 2330 	training acc: 64.07364152922416
epoch: 2335 	training acc: 69.733307512625
epoch: 2340 	training acc: 69.18984621984418
Max PSNR is: 24.183228900529127
epoch: 2345 	training acc: 64.42131694062562
epoch: 2350 	training acc: 65.77899722958061
epoch: 2355 	training acc: 67.73890076270112
epoch: 2360 	training acc: 63.36542166828587
Max PSNR is: 24.183228900529127
epoch: 2365 	training acc: 59.13713297149606
epoch: 2370 	training acc: 63.8560842749653
epoch: 2375 	training acc: 64.78468632222933
epoch: 2380 	training acc: 64.60971417457822
Max PSNR is: 24.183228900529127
epoch: 2385 	training acc: 71.17795810412481
epoch: 2390 	training acc: 67.38008705716022
epoch: 2395 	training acc: 62.880912780285286
epoch: 2400 	training acc: 67.61622483065548
Max PSNR is: 24.183228900529127
epoch: 2405 	training acc: 66.28611304695264
epoch: 2410 	training acc: 61.15330046978916
epoch: 2415 	training acc: 66.12842239285973
epoch: 2420 	training acc: 71.25695996744551
Max PSNR is: 24.183228900529127
epoch: 2425 	training acc: 63.429350183678416
epoch: 2430 	training acc: 67.2207746197825
epoch: 2435 	training acc: 67.355946213268
epoch: 2440 	training acc: 64.29053466354976
Max PSNR is: 24.183228900529127
epoch: 2445 	training acc: 65.95838611717674
epoch: 2450 	training acc: 73.67501541771058
epoch: 2455 	training acc: 65.06167026686818
epoch: 2460 	training acc: 62.419312863907756
Max PSNR is: 24.183228900529127
epoch: 2465 	training acc: 62.625321814693976
epoch: 2470 	training acc: 57.53318473499945
epoch: 2475 	training acc: 56.996592052849905
epoch: 2480 	training acc: 72.22114560164474
Max PSNR is: 24.36475751991115
epoch: 2485 	training acc: 69.8782461297573
epoch: 2490 	training acc: 65.77524003749937
epoch: 2495 	training acc: 67.39669153518496
epoch: 2500 	training acc: 58.78434737398321
Max PSNR is: 24.36475751991115
epoch: 2505 	training acc: 64.47370577079523
epoch: 2510 	training acc: 66.61577299330547
epoch: 2515 	training acc: 65.827450690285
epoch: 2520 	training acc: 68.5415956227891
Max PSNR is: 24.36475751991115
epoch: 2525 	training acc: 60.21287426032201
epoch: 2530 	training acc: 64.79540638499715
epoch: 2535 	training acc: 70.1759045573874
epoch: 2540 	training acc: 64.72711443250266
Max PSNR is: 24.36475751991115
epoch: 2545 	training acc: 65.12277036867034
epoch: 2550 	training acc: 68.05293366118039
epoch: 2555 	training acc: 61.632421243699724
epoch: 2560 	training acc: 65.83113648330226
Max PSNR is: 24.36475751991115
epoch: 2565 	training acc: 66.40927364363036
epoch: 2570 	training acc: 71.31693741057504
epoch: 2575 	training acc: 59.306135992166034
epoch: 2580 	training acc: 61.896428162677566
Max PSNR is: 24.36475751991115
epoch: 2585 	training acc: 59.67606527544848
epoch: 2590 	training acc: 65.82370568871406
epoch: 2595 	training acc: 75.10563511784764
epoch: 2600 	training acc: 63.55309078171894
Max PSNR is: 24.36475751991115
epoch: 2605 	training acc: 66.77554595255931
epoch: 2610 	training acc: 64.24804206853398
epoch: 2615 	training acc: 61.1113627545168
epoch: 2620 	training acc: 63.85814900535251
Max PSNR is: 24.36475751991115
epoch: 2625 	training acc: 65.86147888566745
epoch: 2630 	training acc: 60.94340484808065
epoch: 2635 	training acc: 60.27341316068988
epoch: 2640 	training acc: 71.01728064919483
Max PSNR is: 24.36475751991115
epoch: 2645 	training acc: 63.49164332203428
epoch: 2650 	training acc: 64.4130054470277
epoch: 2655 	training acc: 63.88181969790887
epoch: 2660 	training acc: 61.83625360063012
Max PSNR is: 24.36475751991115
epoch: 2665 	training acc: 62.72400486241182
epoch: 2670 	training acc: 64.14170478647857
epoch: 2675 	training acc: 64.14815587313585
epoch: 2680 	training acc: 68.16401589097514
Max PSNR is: 24.36475751991115
epoch: 2685 	training acc: 69.00658514476913
epoch: 2690 	training acc: 60.01831147568943
epoch: 2695 	training acc: 64.60758400048616
epoch: 2700 	training acc: 60.287991059910425
Max PSNR is: 24.36475751991115
epoch: 2705 	training acc: 61.46936694391023
epoch: 2710 	training acc: 65.45633958041097
epoch: 2715 	training acc: 65.02991340911854
epoch: 2720 	training acc: 61.00345237089818
Max PSNR is: 24.36475751991115
epoch: 2725 	training acc: 67.87844203254589
epoch: 2730 	training acc: 56.8683263817525
epoch: 2735 	training acc: 65.09346839900428
epoch: 2740 	training acc: 59.37636682929126
Max PSNR is: 24.36475751991115
epoch: 2745 	training acc: 62.48588696743924
epoch: 2750 	training acc: 67.64316722968067
epoch: 2755 	training acc: 61.37124054893597
epoch: 2760 	training acc: 64.18450666031647
Max PSNR is: 24.36475751991115
epoch: 2765 	training acc: 70.7766441884555
epoch: 2770 	training acc: 66.49988239813274
epoch: 2775 	training acc: 68.55126421182487
epoch: 2780 	training acc: 66.08933629536317
Max PSNR is: 24.36475751991115
epoch: 2785 	training acc: 63.10708327068444
epoch: 2790 	training acc: 65.71407917982553
epoch: 2795 	training acc: 69.45286908113043
epoch: 2800 	training acc: 68.12275050647935
Max PSNR is: 24.36475751991115
epoch: 2805 	training acc: 68.43708227844142
epoch: 2810 	training acc: 60.781170343194596
epoch: 2815 	training acc: 62.718223114085426
epoch: 2820 	training acc: 64.52067701777791
Max PSNR is: 24.36475751991115
epoch: 2825 	training acc: 70.28126244198224
epoch: 2830 	training acc: 67.3218500100295
epoch: 2835 	training acc: 69.260585827749
epoch: 2840 	training acc: 63.93992620720854
Max PSNR is: 24.36475751991115
epoch: 2845 	training acc: 68.61221291084934
epoch: 2850 	training acc: 67.12664680548295
epoch: 2855 	training acc: 69.29149996356891
epoch: 2860 	training acc: 64.92161729364514
Max PSNR is: 24.36475751991115
epoch: 2865 	training acc: 67.7075908976602
epoch: 2870 	training acc: 60.83091941232751
epoch: 2875 	training acc: 66.30611682428895
epoch: 2880 	training acc: 68.72525012312073
Max PSNR is: 24.36475751991115
epoch: 2885 	training acc: 71.35930113706785
epoch: 2890 	training acc: 68.50871877148899
epoch: 2895 	training acc: 61.67289629658182
epoch: 2900 	training acc: 61.33233700115578
Max PSNR is: 24.36475751991115
epoch: 2905 	training acc: 73.23539506150028
epoch: 2910 	training acc: 68.40903966186636
epoch: 2915 	training acc: 68.79090787906864
epoch: 2920 	training acc: 70.46174932435869
Max PSNR is: 24.36475751991115
epoch: 2925 	training acc: 64.15087448145118
epoch: 2930 	training acc: 66.82831057946595
epoch: 2935 	training acc: 58.93516477917504
epoch: 2940 	training acc: 63.5984369193737
Max PSNR is: 24.36475751991115
epoch: 2945 	training acc: 66.21322679992159
epoch: 2950 	training acc: 67.13709997452327
epoch: 2955 	training acc: 69.87411180553217
epoch: 2960 	training acc: 66.0452506623821
Max PSNR is: 24.36475751991115
epoch: 2965 	training acc: 70.37127605784535
epoch: 2970 	training acc: 64.0837171219838
epoch: 2975 	training acc: 68.73767294762881
epoch: 2980 	training acc: 68.38533583069552
Max PSNR is: 24.36475751991115
epoch: 2985 	training acc: 64.97507365487813
epoch: 2990 	training acc: 66.66841739796685
epoch: 2995 	training acc: 66.34036925125669
epoch: 3000 	training acc: 70.28240516101499
Max PSNR is: 24.36475751991115
epoch: 3005 	training acc: 67.5243767128438
epoch: 3010 	training acc: 66.37512872206585
epoch: 3015 	training acc: 68.87546443350033
epoch: 3020 	training acc: 64.78934299201481
Max PSNR is: 24.36475751991115
epoch: 3025 	training acc: 67.47316713851203
epoch: 3030 	training acc: 64.2352297063901
epoch: 3035 	training acc: 66.77439702562317
epoch: 3040 	training acc: 62.64792248391518
Max PSNR is: 24.36475751991115
epoch: 3045 	training acc: 65.48623233630215
Traceback (most recent call last):
  File "sr_train.py", line 186, in <module>
    main()
  File "sr_train.py", line 88, in main
    for epoch, (spt_ms, spt_rgb, qry_ms, qry_rgb) in enumerate(db):
  File "/apps/pytorch/1.1.0-py36-cuda90/lib/python3.6/site-packages/torch/utils/data/dataloader.py", line 582, in __next__
    return self._process_next_batch(batch)
  File "/apps/pytorch/1.1.0-py36-cuda90/lib/python3.6/site-packages/torch/utils/data/dataloader.py", line 608, in _process_next_batch
    raise batch.exc_type(batch.exc_msg)
FileNotFoundError: Traceback (most recent call last):
  File "/apps/pytorch/1.1.0-py36-cuda90/lib/python3.6/site-packages/torch/utils/data/_utils/worker.py", line 99, in _worker_loop
    samples = collate_fn([dataset[i] for i in batch_indices])
  File "/apps/pytorch/1.1.0-py36-cuda90/lib/python3.6/site-packages/torch/utils/data/_utils/worker.py", line 99, in <listcomp>
    samples = collate_fn([dataset[i] for i in batch_indices])
  File "/flush5/sho092/Robust_learning/MAML-Pytorch/dataloader/StereoMSI_MAML.py", line 164, in __getitem__
    im_rgb = np.array(imread(im_rgb), dtype=np.float)
  File "/apps/python/3.6.1/lib/python3.6/site-packages/skimage/io/_io.py", line 61, in imread
    img = call_plugin('imread', fname, plugin=plugin, **plugin_args)
  File "/apps/python/3.6.1/lib/python3.6/site-packages/skimage/io/manage_plugins.py", line 211, in call_plugin
    return func(*args, **kwargs)
  File "/apps/python/3.6.1/lib/python3.6/site-packages/skimage/io/_plugins/tifffile_plugin.py", line 29, in imread
    with open(fname, 'rb') as f:
FileNotFoundError: [Errno 2] No such file or directory: '/OSM/CBR/D61_RCV/students/sho092/source/train/40.tiff'

