/flush5/sho092/Robust_learning/MAML-Pytorch
Namespace(batch_size=1, batchsz=100000, crop_size=120, data_dist_same=False, epoch=60000, folder_name='', imgc=3, k=2, load='.', meta_lr=0.001, num_workers=1, pin_memory=True, print_every=5, root='/OSM/CBR/D61_RCV/students/sho092/', save_every=20, save_name='.', seed=1, shuffle=True, task_num=5, test_only=False, update_lr=0.01, update_step=3, update_step_test=10)
Namespace(batch_size=1, batchsz=100000, crop_size=120, data_dist_same=False, epoch=60000, folder_name='', imgc=3, k=2, load='.', meta_lr=0.001, num_workers=1, pin_memory=True, print_every=5, root='/OSM/CBR/D61_RCV/students/sho092/', save_every=20, save_name='.', seed=1, shuffle=True, task_num=5, test_only=False, update_lr=0.01, update_step=3, update_step_test=10)
Meta(
  (net): Learner(
    conv2d:(ch_in:16, ch_out:32, k:3x3, stride:1, padding:1)
    relu:(True,)
    conv2d:(ch_in:32, ch_out:32, k:3x3, stride:1, padding:1)
    relu:(True,)
    conv2d:(ch_in:32, ch_out:32, k:3x3, stride:1, padding:1)
    relu:(True,)
    conv2d:(ch_in:32, ch_out:32, k:3x3, stride:1, padding:1)
    relu:(True,)
    conv2d:(ch_in:32, ch_out:3, k:3x3, stride:1, padding:1)
    
    (vars): ParameterList(
        (0): Parameter containing: [torch.cuda.FloatTensor of size 32x16x3x3 (GPU 0)]
        (1): Parameter containing: [torch.cuda.FloatTensor of size 32 (GPU 0)]
        (2): Parameter containing: [torch.cuda.FloatTensor of size 32x32x3x3 (GPU 0)]
        (3): Parameter containing: [torch.cuda.FloatTensor of size 32 (GPU 0)]
        (4): Parameter containing: [torch.cuda.FloatTensor of size 32x32x3x3 (GPU 0)]
        (5): Parameter containing: [torch.cuda.FloatTensor of size 32 (GPU 0)]
        (6): Parameter containing: [torch.cuda.FloatTensor of size 32x32x3x3 (GPU 0)]
        (7): Parameter containing: [torch.cuda.FloatTensor of size 32 (GPU 0)]
        (8): Parameter containing: [torch.cuda.FloatTensor of size 3x32x3x3 (GPU 0)]
        (9): Parameter containing: [torch.cuda.FloatTensor of size 3 (GPU 0)]
    )
    (vars_bn): ParameterList()
  )
)
Total trainable tensors: 33251
shuffle DB :train, b:100000,  40-setsz, 10-querysz
epoch: 0 	training acc: 2.6252971173111694
Max PSNR is: 15.39858586201083
epoch: 5 	training acc: 41.05376320589224
epoch: 10 	training acc: 43.96043253411423
epoch: 15 	training acc: 42.258804117545935
epoch: 20 	training acc: 48.45261099769053
Max PSNR is: 20.097981136183304
epoch: 25 	training acc: 46.00657961502981
epoch: 30 	training acc: 50.22072969331411
epoch: 35 	training acc: 55.532436850371774
epoch: 40 	training acc: 46.392615166994716
Max PSNR is: 20.14904538133632
epoch: 45 	training acc: 53.69828230284813
epoch: 50 	training acc: 52.36862369601978
epoch: 55 	training acc: 55.524890768712446
epoch: 60 	training acc: 43.39464528003184
Max PSNR is: 20.162217554357323
epoch: 65 	training acc: 55.98348481300879
epoch: 70 	training acc: 57.774286802262814
epoch: 75 	training acc: 57.25697892308031
epoch: 80 	training acc: 58.90738891517272
Max PSNR is: 20.321883122334004
epoch: 85 	training acc: 48.0159443629738
epoch: 90 	training acc: 61.03418304811965
epoch: 95 	training acc: 54.606195849862154
epoch: 100 	training acc: 48.99647052094199
Max PSNR is: 20.642560718411
epoch: 105 	training acc: 49.192132725571334
epoch: 110 	training acc: 52.5529537297438
epoch: 115 	training acc: 53.80510185085783
epoch: 120 	training acc: 54.154822250396265
Max PSNR is: 20.72885990272109
epoch: 125 	training acc: 56.211719354599396
epoch: 130 	training acc: 50.90830924072508
epoch: 135 	training acc: 54.43338649796523
epoch: 140 	training acc: 45.7059586861274
Max PSNR is: 20.75628572638391
epoch: 145 	training acc: 48.690315372208495
epoch: 150 	training acc: 61.18996550150298
epoch: 155 	training acc: 55.859191728248234
epoch: 160 	training acc: 57.23529053492692
Max PSNR is: 20.75628572638391
epoch: 165 	training acc: 59.73977355713626
epoch: 170 	training acc: 45.151686175984224
epoch: 175 	training acc: 54.17644499779432
epoch: 180 	training acc: 48.746803325484606
Max PSNR is: 20.75628572638391
epoch: 185 	training acc: 53.8637453883407
epoch: 190 	training acc: 55.436306503731636
epoch: 195 	training acc: 54.00228107200453
epoch: 200 	training acc: 64.06093035080309
Max PSNR is: 20.75628572638391
epoch: 205 	training acc: 55.56669114632601
epoch: 210 	training acc: 57.574797157516464
epoch: 215 	training acc: 55.9246801005188
epoch: 220 	training acc: 51.099127666997575
Max PSNR is: 20.75628572638391
epoch: 225 	training acc: 55.372294398840125
epoch: 230 	training acc: 58.229912827503966
epoch: 235 	training acc: 56.4421255586461
epoch: 240 	training acc: 55.572398930654145
Max PSNR is: 20.946548217385484
epoch: 245 	training acc: 57.53890656473773
epoch: 250 	training acc: 49.73297004082133
epoch: 255 	training acc: 53.96627489977935
epoch: 260 	training acc: 51.34008306379044
Max PSNR is: 20.946548217385484
epoch: 265 	training acc: 53.267402520176475
epoch: 270 	training acc: 48.559698034295195
epoch: 275 	training acc: 56.06570673244586
epoch: 280 	training acc: 59.20399347835648
Max PSNR is: 20.946548217385484
epoch: 285 	training acc: 59.12532376624501
epoch: 290 	training acc: 56.62771220835349
epoch: 295 	training acc: 52.695594823904194
epoch: 300 	training acc: 58.75438977714654
Max PSNR is: 20.946548217385484
epoch: 305 	training acc: 51.77026512339749
epoch: 310 	training acc: 53.4310457438273
epoch: 315 	training acc: 54.1804714550287
epoch: 320 	training acc: 48.92383193327851
Max PSNR is: 20.946548217385484
epoch: 325 	training acc: 43.94655624275397
epoch: 330 	training acc: 46.95483768780841
epoch: 335 	training acc: 59.12018224905602
epoch: 340 	training acc: 50.437315329423505
Max PSNR is: 20.946548217385484
epoch: 345 	training acc: 55.01345514914165
epoch: 350 	training acc: 56.03891722487455
epoch: 355 	training acc: 55.40955585522137
epoch: 360 	training acc: 55.58174769395029
Max PSNR is: 20.946548217385484
epoch: 365 	training acc: 57.63883159250179
epoch: 370 	training acc: 55.28999412117812
epoch: 375 	training acc: 54.62667767234193
epoch: 380 	training acc: 53.67581666616177
Max PSNR is: 20.97219976762749
epoch: 385 	training acc: 53.95456181918831
epoch: 390 	training acc: 56.15069797365728
epoch: 395 	training acc: 57.01119733896107
epoch: 400 	training acc: 57.66840119622917
Max PSNR is: 21.02770821889068
epoch: 405 	training acc: 50.325735278781686
epoch: 410 	training acc: 56.44405691245657
epoch: 415 	training acc: 55.811653523062944
epoch: 420 	training acc: 57.06627480230111
Max PSNR is: 21.327091894869177
epoch: 425 	training acc: 60.03129458337801
epoch: 430 	training acc: 56.737135753602416
epoch: 435 	training acc: 59.789345177917035
epoch: 440 	training acc: 60.15764953383204
Max PSNR is: 21.327091894869177
epoch: 445 	training acc: 59.72420358418758
epoch: 450 	training acc: 54.4830818061192
epoch: 455 	training acc: 53.28638757464839
epoch: 460 	training acc: 54.58123463342721
Max PSNR is: 21.327091894869177
epoch: 465 	training acc: 55.848295873098046
epoch: 470 	training acc: 56.20325895110575
epoch: 475 	training acc: 52.207758055128856
epoch: 480 	training acc: 57.5888980316969
Max PSNR is: 21.327091894869177
epoch: 485 	training acc: 59.09879318981318
epoch: 490 	training acc: 47.72669832685046
epoch: 495 	training acc: 56.232902716027255
epoch: 500 	training acc: 55.52990789838316
Max PSNR is: 21.327091894869177
epoch: 505 	training acc: 57.174980812606464
epoch: 510 	training acc: 62.80598117935022
epoch: 515 	training acc: 65.14977696661734
epoch: 520 	training acc: 59.24979903511021
Max PSNR is: 21.95567632127908
epoch: 525 	training acc: 55.909922285336
epoch: 530 	training acc: 60.26303936113634
epoch: 535 	training acc: 58.72143228692571
epoch: 540 	training acc: 58.52085680172107
Max PSNR is: 21.95567632127908
epoch: 545 	training acc: 62.370884135710135
epoch: 550 	training acc: 60.58738163529569
epoch: 555 	training acc: 68.99349238083508
epoch: 560 	training acc: 54.51386614585321
Max PSNR is: 21.95567632127908
epoch: 565 	training acc: 68.84983343628842
epoch: 570 	training acc: 45.794223229133024
epoch: 575 	training acc: 61.634975695967164
epoch: 580 	training acc: 64.76739579799673
Max PSNR is: 21.95567632127908
epoch: 585 	training acc: 57.813081511778414
epoch: 590 	training acc: 60.24176233602482
Traceback (most recent call last):
  File "sr_train.py", line 186, in <module>
    main()
  File "sr_train.py", line 88, in main
    for epoch, (spt_ms, spt_rgb, qry_ms, qry_rgb) in enumerate(db):
  File "/apps/pytorch/1.1.0-py36-cuda90/lib/python3.6/site-packages/torch/utils/data/dataloader.py", line 582, in __next__
    return self._process_next_batch(batch)
  File "/apps/pytorch/1.1.0-py36-cuda90/lib/python3.6/site-packages/torch/utils/data/dataloader.py", line 608, in _process_next_batch
    raise batch.exc_type(batch.exc_msg)
FileNotFoundError: Traceback (most recent call last):
  File "/apps/pytorch/1.1.0-py36-cuda90/lib/python3.6/site-packages/torch/utils/data/_utils/worker.py", line 99, in _worker_loop
    samples = collate_fn([dataset[i] for i in batch_indices])
  File "/apps/pytorch/1.1.0-py36-cuda90/lib/python3.6/site-packages/torch/utils/data/_utils/worker.py", line 99, in <listcomp>
    samples = collate_fn([dataset[i] for i in batch_indices])
  File "/flush5/sho092/Robust_learning/MAML-Pytorch/dataloader/StereoMSI_MAML.py", line 163, in __getitem__
    im_ms = np.array(np.load(im_ms), dtype=np.float)
  File "/apps/python/3.6.1/lib/python3.6/site-packages/numpy-1.12.1-py3.6-linux-x86_64.egg/numpy/lib/npyio.py", line 370, in load
    fid = open(file, "rb")
FileNotFoundError: [Errno 2] No such file or directory: '/OSM/CBR/D61_RCV/students/sho092/source/train/220.npy'

